2016-01-01 16:34:27,794 [Worker-2] INFO  o.e.m.c.i.e.AbstractTransferListenerAdapter - Downloading https://repo.maven.apache.org/maven2/org/apache/maven/plugins/maven-compiler-plugin/2.5.1/maven-compiler-plugin-2.5.1.jar
2016-01-01 16:34:28,321 [Worker-2] INFO  o.e.m.c.i.e.AbstractTransferListenerAdapter - Downloaded https://repo.maven.apache.org/maven2/org/apache/maven/plugins/maven-compiler-plugin/2.5.1/maven-compiler-plugin-2.5.1.jar
2016-01-01 16:34:28,698 [Worker-2] INFO  o.e.m.c.i.e.AbstractTransferListenerAdapter - Downloading https://repo.maven.apache.org/maven2/org/apache/maven/plugins/maven-surefire-plugin/2.12.4/maven-surefire-plugin-2.12.4.jar
2016-01-01 16:34:29,232 [Worker-2] INFO  o.e.m.c.i.e.AbstractTransferListenerAdapter - Downloaded https://repo.maven.apache.org/maven2/org/apache/maven/plugins/maven-surefire-plugin/2.12.4/maven-surefire-plugin-2.12.4.jar
2016-01-01 16:34:29,527 [Worker-2] INFO  o.e.m.c.i.e.AbstractTransferListenerAdapter - Downloading https://repo.maven.apache.org/maven2/org/apache/maven/plugins/maven-war-plugin/2.4/maven-war-plugin-2.4.jar
2016-01-01 16:34:30,075 [Worker-2] INFO  o.e.m.c.i.e.AbstractTransferListenerAdapter - Downloaded https://repo.maven.apache.org/maven2/org/apache/maven/plugins/maven-war-plugin/2.4/maven-war-plugin-2.4.jar
2016-01-01 16:34:30,370 [Worker-2] INFO  o.e.m.c.i.e.AbstractTransferListenerAdapter - Downloading https://repo.maven.apache.org/maven2/org/apache/maven/plugins/maven-install-plugin/2.4/maven-install-plugin-2.4.jar
2016-01-01 16:34:30,651 [Worker-2] INFO  o.e.m.c.i.e.AbstractTransferListenerAdapter - Downloaded https://repo.maven.apache.org/maven2/org/apache/maven/plugins/maven-install-plugin/2.4/maven-install-plugin-2.4.jar
2016-01-01 16:34:30,937 [Worker-2] INFO  o.e.m.c.i.e.AbstractTransferListenerAdapter - Downloading https://repo.maven.apache.org/maven2/org/apache/maven/plugins/maven-site-plugin/3.3/maven-site-plugin-3.3.jar
2016-01-01 16:34:31,497 [Worker-2] INFO  o.e.m.c.i.e.AbstractTransferListenerAdapter - Downloaded https://repo.maven.apache.org/maven2/org/apache/maven/plugins/maven-site-plugin/3.3/maven-site-plugin-3.3.jar
2016-01-01 16:34:31,831 [Worker-2] INFO  o.e.m.c.i.e.AbstractTransferListenerAdapter - Downloading https://repo.maven.apache.org/maven2/org/apache/maven/plugins/maven-compiler-plugin/2.5.1/maven-compiler-plugin-2.5.1.pom
2016-01-01 16:34:32,099 [Worker-2] INFO  o.e.m.c.i.e.AbstractTransferListenerAdapter - Downloaded https://repo.maven.apache.org/maven2/org/apache/maven/plugins/maven-compiler-plugin/2.5.1/maven-compiler-plugin-2.5.1.pom
2016-01-01 16:34:33,272 [Worker-2] INFO  o.e.m.c.i.e.AbstractTransferListenerAdapter - Downloading https://repo.maven.apache.org/maven2/org/codehaus/plexus/plexus-compiler-api/1.9.1/plexus-compiler-api-1.9.1.pom
2016-01-01 16:34:33,535 [Worker-2] INFO  o.e.m.c.i.e.AbstractTransferListenerAdapter - Downloaded https://repo.maven.apache.org/maven2/org/codehaus/plexus/plexus-compiler-api/1.9.1/plexus-compiler-api-1.9.1.pom
2016-01-01 16:34:33,799 [Worker-2] INFO  o.e.m.c.i.e.AbstractTransferListenerAdapter - Downloading https://repo.maven.apache.org/maven2/org/codehaus/plexus/plexus-compiler/1.9.1/plexus-compiler-1.9.1.pom
2016-01-01 16:34:34,069 [Worker-2] INFO  o.e.m.c.i.e.AbstractTransferListenerAdapter - Downloaded https://repo.maven.apache.org/maven2/org/codehaus/plexus/plexus-compiler/1.9.1/plexus-compiler-1.9.1.pom
2016-01-01 16:34:34,333 [Worker-2] INFO  o.e.m.c.i.e.AbstractTransferListenerAdapter - Downloading https://repo.maven.apache.org/maven2/org/codehaus/plexus/plexus-components/1.1.20/plexus-components-1.1.20.pom
2016-01-01 16:34:34,634 [Worker-2] INFO  o.e.m.c.i.e.AbstractTransferListenerAdapter - Downloaded https://repo.maven.apache.org/maven2/org/codehaus/plexus/plexus-components/1.1.20/plexus-components-1.1.20.pom
2016-01-01 16:34:34,905 [Worker-2] INFO  o.e.m.c.i.e.AbstractTransferListenerAdapter - Downloading https://repo.maven.apache.org/maven2/org/codehaus/plexus/plexus/3.1/plexus-3.1.pom
2016-01-01 16:34:35,164 [Worker-2] INFO  o.e.m.c.i.e.AbstractTransferListenerAdapter - Downloaded https://repo.maven.apache.org/maven2/org/codehaus/plexus/plexus/3.1/plexus-3.1.pom
2016-01-01 16:34:35,458 [Worker-2] INFO  o.e.m.c.i.e.AbstractTransferListenerAdapter - Downloading https://repo.maven.apache.org/maven2/org/codehaus/plexus/plexus-compiler-manager/1.9.1/plexus-compiler-manager-1.9.1.pom
2016-01-01 16:34:35,722 [Worker-2] INFO  o.e.m.c.i.e.AbstractTransferListenerAdapter - Downloaded https://repo.maven.apache.org/maven2/org/codehaus/plexus/plexus-compiler-manager/1.9.1/plexus-compiler-manager-1.9.1.pom
2016-01-01 16:34:36,002 [Worker-2] INFO  o.e.m.c.i.e.AbstractTransferListenerAdapter - Downloading https://repo.maven.apache.org/maven2/org/codehaus/plexus/plexus-compiler-javac/1.9.1/plexus-compiler-javac-1.9.1.pom
2016-01-01 16:34:36,302 [Worker-2] INFO  o.e.m.c.i.e.AbstractTransferListenerAdapter - Downloaded https://repo.maven.apache.org/maven2/org/codehaus/plexus/plexus-compiler-javac/1.9.1/plexus-compiler-javac-1.9.1.pom
2016-01-01 16:34:36,639 [Worker-2] INFO  o.e.m.c.i.e.AbstractTransferListenerAdapter - Downloading https://repo.maven.apache.org/maven2/org/codehaus/plexus/plexus-compilers/1.9.1/plexus-compilers-1.9.1.pom
2016-01-01 16:34:36,894 [Worker-2] INFO  o.e.m.c.i.e.AbstractTransferListenerAdapter - Downloaded https://repo.maven.apache.org/maven2/org/codehaus/plexus/plexus-compilers/1.9.1/plexus-compilers-1.9.1.pom
2016-01-01 16:34:37,280 [Worker-2] INFO  o.e.m.c.i.e.AbstractTransferListenerAdapter - Downloading https://repo.maven.apache.org/maven2/org/codehaus/plexus/plexus-compiler-api/1.9.1/plexus-compiler-api-1.9.1.jar
2016-01-01 16:34:37,543 [Worker-2] INFO  o.e.m.c.i.e.AbstractTransferListenerAdapter - Downloaded https://repo.maven.apache.org/maven2/org/codehaus/plexus/plexus-compiler-api/1.9.1/plexus-compiler-api-1.9.1.jar
2016-01-01 16:34:37,796 [Worker-2] INFO  o.e.m.c.i.e.AbstractTransferListenerAdapter - Downloading https://repo.maven.apache.org/maven2/org/codehaus/plexus/plexus-compiler-manager/1.9.1/plexus-compiler-manager-1.9.1.jar
2016-01-01 16:34:38,073 [Worker-2] INFO  o.e.m.c.i.e.AbstractTransferListenerAdapter - Downloaded https://repo.maven.apache.org/maven2/org/codehaus/plexus/plexus-compiler-manager/1.9.1/plexus-compiler-manager-1.9.1.jar
2016-01-01 16:34:38,363 [Worker-2] INFO  o.e.m.c.i.e.AbstractTransferListenerAdapter - Downloading https://repo.maven.apache.org/maven2/org/codehaus/plexus/plexus-compiler-javac/1.9.1/plexus-compiler-javac-1.9.1.jar
2016-01-01 16:34:38,619 [Worker-2] INFO  o.e.m.c.i.e.AbstractTransferListenerAdapter - Downloaded https://repo.maven.apache.org/maven2/org/codehaus/plexus/plexus-compiler-javac/1.9.1/plexus-compiler-javac-1.9.1.jar
2016-01-01 16:34:38,859 [Worker-2] INFO  o.e.m.c.i.l.LifecycleMappingFactory - Using org.maven.ide.eclipse.wtp.WarLifecycleMapping lifecycle mapping for MavenProject: com.pro.eResturant:eResturant:1.0.0 @ C:\Users\pkumarku\Downloads\eHotel\eHotel\pom.xml.
2016-01-01 16:34:39,161 [Worker-2] INFO  o.e.m.c.i.e.AbstractTransferListenerAdapter - Downloading https://repo.maven.apache.org/maven2/com/fasterxml/jackson/core/jackson-databind/2.2.3/jackson-databind-2.2.3.pom
2016-01-01 16:34:39,424 [Worker-2] INFO  o.e.m.c.i.e.AbstractTransferListenerAdapter - Downloaded https://repo.maven.apache.org/maven2/com/fasterxml/jackson/core/jackson-databind/2.2.3/jackson-databind-2.2.3.pom
2016-01-01 16:34:39,730 [Worker-2] INFO  o.e.m.c.i.e.AbstractTransferListenerAdapter - Downloading https://repo.maven.apache.org/maven2/com/fasterxml/oss-parent/11/oss-parent-11.pom
2016-01-01 16:34:40,005 [Worker-2] INFO  o.e.m.c.i.e.AbstractTransferListenerAdapter - Downloaded https://repo.maven.apache.org/maven2/com/fasterxml/oss-parent/11/oss-parent-11.pom
2016-01-01 16:34:40,273 [Worker-2] INFO  o.e.m.c.i.e.AbstractTransferListenerAdapter - Downloading https://repo.maven.apache.org/maven2/com/fasterxml/jackson/core/jackson-annotations/2.2.3/jackson-annotations-2.2.3.pom
2016-01-01 16:34:40,535 [Worker-2] INFO  o.e.m.c.i.e.AbstractTransferListenerAdapter - Downloaded https://repo.maven.apache.org/maven2/com/fasterxml/jackson/core/jackson-annotations/2.2.3/jackson-annotations-2.2.3.pom
2016-01-01 16:34:40,796 [Worker-2] INFO  o.e.m.c.i.e.AbstractTransferListenerAdapter - Downloading https://repo.maven.apache.org/maven2/com/fasterxml/oss-parent/10/oss-parent-10.pom
2016-01-01 16:34:41,066 [Worker-2] INFO  o.e.m.c.i.e.AbstractTransferListenerAdapter - Downloaded https://repo.maven.apache.org/maven2/com/fasterxml/oss-parent/10/oss-parent-10.pom
2016-01-01 16:34:41,349 [Worker-2] INFO  o.e.m.c.i.e.AbstractTransferListenerAdapter - Downloading https://repo.maven.apache.org/maven2/com/fasterxml/jackson/core/jackson-core/2.2.3/jackson-core-2.2.3.pom
2016-01-01 16:34:41,607 [Worker-2] INFO  o.e.m.c.i.e.AbstractTransferListenerAdapter - Downloaded https://repo.maven.apache.org/maven2/com/fasterxml/jackson/core/jackson-core/2.2.3/jackson-core-2.2.3.pom
2016-01-01 16:34:41,912 [Worker-2] INFO  o.e.m.c.i.e.AbstractTransferListenerAdapter - Downloading https://repo.maven.apache.org/maven2/org/springframework/spring-context/4.0.0.RELEASE/spring-context-4.0.0.RELEASE.pom
2016-01-01 16:34:42,172 [Worker-2] INFO  o.e.m.c.i.e.AbstractTransferListenerAdapter - Downloaded https://repo.maven.apache.org/maven2/org/springframework/spring-context/4.0.0.RELEASE/spring-context-4.0.0.RELEASE.pom
2016-01-01 16:34:42,438 [Worker-2] INFO  o.e.m.c.i.e.AbstractTransferListenerAdapter - Downloading https://repo.maven.apache.org/maven2/org/springframework/spring-aop/4.0.0.RELEASE/spring-aop-4.0.0.RELEASE.pom
2016-01-01 16:34:42,709 [Worker-2] INFO  o.e.m.c.i.e.AbstractTransferListenerAdapter - Downloaded https://repo.maven.apache.org/maven2/org/springframework/spring-aop/4.0.0.RELEASE/spring-aop-4.0.0.RELEASE.pom
2016-01-01 16:34:42,974 [Worker-2] INFO  o.e.m.c.i.e.AbstractTransferListenerAdapter - Downloading https://repo.maven.apache.org/maven2/org/springframework/spring-beans/4.0.0.RELEASE/spring-beans-4.0.0.RELEASE.pom
2016-01-01 16:34:43,236 [Worker-2] INFO  o.e.m.c.i.e.AbstractTransferListenerAdapter - Downloaded https://repo.maven.apache.org/maven2/org/springframework/spring-beans/4.0.0.RELEASE/spring-beans-4.0.0.RELEASE.pom
2016-01-01 16:34:43,501 [Worker-2] INFO  o.e.m.c.i.e.AbstractTransferListenerAdapter - Downloading https://repo.maven.apache.org/maven2/org/springframework/spring-core/4.0.0.RELEASE/spring-core-4.0.0.RELEASE.pom
2016-01-01 16:34:43,776 [Worker-2] INFO  o.e.m.c.i.e.AbstractTransferListenerAdapter - Downloaded https://repo.maven.apache.org/maven2/org/springframework/spring-core/4.0.0.RELEASE/spring-core-4.0.0.RELEASE.pom
2016-01-01 16:34:44,043 [Worker-2] INFO  o.e.m.c.i.e.AbstractTransferListenerAdapter - Downloading https://repo.maven.apache.org/maven2/org/springframework/spring-expression/4.0.0.RELEASE/spring-expression-4.0.0.RELEASE.pom
2016-01-01 16:34:44,301 [Worker-2] INFO  o.e.m.c.i.e.AbstractTransferListenerAdapter - Downloaded https://repo.maven.apache.org/maven2/org/springframework/spring-expression/4.0.0.RELEASE/spring-expression-4.0.0.RELEASE.pom
2016-01-01 16:34:44,577 [Worker-2] INFO  o.e.m.c.i.e.AbstractTransferListenerAdapter - Downloading https://repo.maven.apache.org/maven2/org/springframework/spring-webmvc/4.0.0.RELEASE/spring-webmvc-4.0.0.RELEASE.pom
2016-01-01 16:34:44,857 [Worker-2] INFO  o.e.m.c.i.e.AbstractTransferListenerAdapter - Downloaded https://repo.maven.apache.org/maven2/org/springframework/spring-webmvc/4.0.0.RELEASE/spring-webmvc-4.0.0.RELEASE.pom
2016-01-01 16:34:45,124 [Worker-2] INFO  o.e.m.c.i.e.AbstractTransferListenerAdapter - Downloading https://repo.maven.apache.org/maven2/commons-logging/commons-logging/1.1.1/commons-logging-1.1.1.pom
2016-01-01 16:34:45,385 [Worker-2] INFO  o.e.m.c.i.e.AbstractTransferListenerAdapter - Downloaded https://repo.maven.apache.org/maven2/commons-logging/commons-logging/1.1.1/commons-logging-1.1.1.pom
2016-01-01 16:34:45,646 [Worker-2] INFO  o.e.m.c.i.e.AbstractTransferListenerAdapter - Downloading https://repo.maven.apache.org/maven2/org/apache/commons/commons-parent/5/commons-parent-5.pom
2016-01-01 16:34:45,913 [Worker-2] INFO  o.e.m.c.i.e.AbstractTransferListenerAdapter - Downloaded https://repo.maven.apache.org/maven2/org/apache/commons/commons-parent/5/commons-parent-5.pom
2016-01-01 16:34:46,181 [Worker-2] INFO  o.e.m.c.i.e.AbstractTransferListenerAdapter - Downloading https://repo.maven.apache.org/maven2/org/springframework/spring-web/4.0.0.RELEASE/spring-web-4.0.0.RELEASE.pom
2016-01-01 16:34:46,443 [Worker-2] INFO  o.e.m.c.i.e.AbstractTransferListenerAdapter - Downloaded https://repo.maven.apache.org/maven2/org/springframework/spring-web/4.0.0.RELEASE/spring-web-4.0.0.RELEASE.pom
2016-01-01 16:34:46,706 [Worker-2] INFO  o.e.m.c.i.e.AbstractTransferListenerAdapter - Downloading https://repo.maven.apache.org/maven2/org/springframework/spring-tx/4.0.0.RELEASE/spring-tx-4.0.0.RELEASE.pom
2016-01-01 16:34:46,979 [Worker-2] INFO  o.e.m.c.i.e.AbstractTransferListenerAdapter - Downloaded https://repo.maven.apache.org/maven2/org/springframework/spring-tx/4.0.0.RELEASE/spring-tx-4.0.0.RELEASE.pom
2016-01-01 16:34:47,259 [Worker-2] INFO  o.e.m.c.i.e.AbstractTransferListenerAdapter - Downloading https://repo.maven.apache.org/maven2/org/springframework/spring-orm/4.0.0.RELEASE/spring-orm-4.0.0.RELEASE.pom
2016-01-01 16:34:47,523 [Worker-2] INFO  o.e.m.c.i.e.AbstractTransferListenerAdapter - Downloaded https://repo.maven.apache.org/maven2/org/springframework/spring-orm/4.0.0.RELEASE/spring-orm-4.0.0.RELEASE.pom
2016-01-01 16:34:47,783 [Worker-2] INFO  o.e.m.c.i.e.AbstractTransferListenerAdapter - Downloading https://repo.maven.apache.org/maven2/org/springframework/spring-jdbc/4.0.0.RELEASE/spring-jdbc-4.0.0.RELEASE.pom
2016-01-01 16:34:48,064 [Worker-2] INFO  o.e.m.c.i.e.AbstractTransferListenerAdapter - Downloaded https://repo.maven.apache.org/maven2/org/springframework/spring-jdbc/4.0.0.RELEASE/spring-jdbc-4.0.0.RELEASE.pom
2016-01-01 16:34:48,362 [Worker-2] INFO  o.e.m.c.i.e.AbstractTransferListenerAdapter - Downloading https://repo.maven.apache.org/maven2/org/aspectj/aspectjrt/1.7.4/aspectjrt-1.7.4.pom
2016-01-01 16:34:48,628 [Worker-2] INFO  o.e.m.c.i.e.AbstractTransferListenerAdapter - Downloaded https://repo.maven.apache.org/maven2/org/aspectj/aspectjrt/1.7.4/aspectjrt-1.7.4.pom
2016-01-01 16:34:48,889 [Worker-2] INFO  o.e.m.c.i.e.AbstractTransferListenerAdapter - Downloading https://repo.maven.apache.org/maven2/org/slf4j/slf4j-api/1.7.5/slf4j-api-1.7.5.pom
2016-01-01 16:34:49,148 [Worker-2] INFO  o.e.m.c.i.e.AbstractTransferListenerAdapter - Downloaded https://repo.maven.apache.org/maven2/org/slf4j/slf4j-api/1.7.5/slf4j-api-1.7.5.pom
2016-01-01 16:34:49,407 [Worker-2] INFO  o.e.m.c.i.e.AbstractTransferListenerAdapter - Downloading https://repo.maven.apache.org/maven2/org/slf4j/slf4j-parent/1.7.5/slf4j-parent-1.7.5.pom
2016-01-01 16:34:49,674 [Worker-2] INFO  o.e.m.c.i.e.AbstractTransferListenerAdapter - Downloaded https://repo.maven.apache.org/maven2/org/slf4j/slf4j-parent/1.7.5/slf4j-parent-1.7.5.pom
2016-01-01 16:34:49,943 [Worker-2] INFO  o.e.m.c.i.e.AbstractTransferListenerAdapter - Downloading https://repo.maven.apache.org/maven2/org/slf4j/jcl-over-slf4j/1.7.5/jcl-over-slf4j-1.7.5.pom
2016-01-01 16:34:50,205 [Worker-2] INFO  o.e.m.c.i.e.AbstractTransferListenerAdapter - Downloaded https://repo.maven.apache.org/maven2/org/slf4j/jcl-over-slf4j/1.7.5/jcl-over-slf4j-1.7.5.pom
2016-01-01 16:34:50,474 [Worker-2] INFO  o.e.m.c.i.e.AbstractTransferListenerAdapter - Downloading https://repo.maven.apache.org/maven2/org/slf4j/slf4j-log4j12/1.7.5/slf4j-log4j12-1.7.5.pom
2016-01-01 16:34:50,738 [Worker-2] INFO  o.e.m.c.i.e.AbstractTransferListenerAdapter - Downloaded https://repo.maven.apache.org/maven2/org/slf4j/slf4j-log4j12/1.7.5/slf4j-log4j12-1.7.5.pom
2016-01-01 16:34:51,012 [Worker-2] INFO  o.e.m.c.i.e.AbstractTransferListenerAdapter - Downloading https://repo.maven.apache.org/maven2/log4j/log4j/1.2.17/log4j-1.2.17.pom
2016-01-01 16:34:51,304 [Worker-2] INFO  o.e.m.c.i.e.AbstractTransferListenerAdapter - Downloaded https://repo.maven.apache.org/maven2/log4j/log4j/1.2.17/log4j-1.2.17.pom
2016-01-01 16:34:51,573 [Worker-2] INFO  o.e.m.c.i.e.AbstractTransferListenerAdapter - Downloading https://repo.maven.apache.org/maven2/log4j/log4j/1.2.15/log4j-1.2.15.pom
2016-01-01 16:34:51,835 [Worker-2] INFO  o.e.m.c.i.e.AbstractTransferListenerAdapter - Downloaded https://repo.maven.apache.org/maven2/log4j/log4j/1.2.15/log4j-1.2.15.pom
2016-01-01 16:34:52,097 [Worker-2] INFO  o.e.m.c.i.e.AbstractTransferListenerAdapter - Downloading https://repo.maven.apache.org/maven2/javax/inject/javax.inject/1/javax.inject-1.pom
2016-01-01 16:34:52,353 [Worker-2] INFO  o.e.m.c.i.e.AbstractTransferListenerAdapter - Downloaded https://repo.maven.apache.org/maven2/javax/inject/javax.inject/1/javax.inject-1.pom
2016-01-01 16:34:52,613 [Worker-2] INFO  o.e.m.c.i.e.AbstractTransferListenerAdapter - Downloading https://repo.maven.apache.org/maven2/javax/servlet/servlet-api/2.5/servlet-api-2.5.pom
2016-01-01 16:34:52,875 [Worker-2] INFO  o.e.m.c.i.e.AbstractTransferListenerAdapter - Downloaded https://repo.maven.apache.org/maven2/javax/servlet/servlet-api/2.5/servlet-api-2.5.pom
2016-01-01 16:34:53,139 [Worker-2] INFO  o.e.m.c.i.e.AbstractTransferListenerAdapter - Downloading https://repo.maven.apache.org/maven2/javax/servlet/jsp/jsp-api/2.1/jsp-api-2.1.pom
2016-01-01 16:34:53,400 [Worker-2] INFO  o.e.m.c.i.e.AbstractTransferListenerAdapter - Downloaded https://repo.maven.apache.org/maven2/javax/servlet/jsp/jsp-api/2.1/jsp-api-2.1.pom
2016-01-01 16:34:53,692 [Worker-2] INFO  o.e.m.c.i.e.AbstractTransferListenerAdapter - Downloading https://repo.maven.apache.org/maven2/org/hibernate/hibernate-core/4.3.6.Final/hibernate-core-4.3.6.Final.pom
2016-01-01 16:34:53,953 [Worker-2] INFO  o.e.m.c.i.e.AbstractTransferListenerAdapter - Downloaded https://repo.maven.apache.org/maven2/org/hibernate/hibernate-core/4.3.6.Final/hibernate-core-4.3.6.Final.pom
2016-01-01 16:34:54,502 [Worker-2] INFO  o.e.m.c.i.e.AbstractTransferListenerAdapter - Downloading https://repo.maven.apache.org/maven2/org/jboss/spec/javax/transaction/jboss-transaction-api_1.2_spec/1.0.0.Final/jboss-transaction-api_1.2_spec-1.0.0.Final.pom
2016-01-01 16:34:54,775 [Worker-2] INFO  o.e.m.c.i.e.AbstractTransferListenerAdapter - Downloaded https://repo.maven.apache.org/maven2/org/jboss/spec/javax/transaction/jboss-transaction-api_1.2_spec/1.0.0.Final/jboss-transaction-api_1.2_spec-1.0.0.Final.pom
2016-01-01 16:34:55,753 [Worker-2] INFO  o.e.m.c.i.e.AbstractTransferListenerAdapter - Downloading https://repo.maven.apache.org/maven2/mysql/mysql-connector-java/5.1.31/mysql-connector-java-5.1.31.pom
2016-01-01 16:34:56,043 [Worker-2] INFO  o.e.m.c.i.e.AbstractTransferListenerAdapter - Downloaded https://repo.maven.apache.org/maven2/mysql/mysql-connector-java/5.1.31/mysql-connector-java-5.1.31.pom
2016-01-01 16:34:56,330 [Worker-2] INFO  o.e.m.c.i.e.AbstractTransferListenerAdapter - Downloading https://repo.maven.apache.org/maven2/joda-time/joda-time/2.3/joda-time-2.3.pom
2016-01-01 16:34:56,621 [Worker-2] INFO  o.e.m.c.i.e.AbstractTransferListenerAdapter - Downloaded https://repo.maven.apache.org/maven2/joda-time/joda-time/2.3/joda-time-2.3.pom
2016-01-01 16:34:56,888 [Worker-2] INFO  o.e.m.c.i.e.AbstractTransferListenerAdapter - Downloading https://repo.maven.apache.org/maven2/org/jadira/usertype/usertype.core/3.0.0.CR1/usertype.core-3.0.0.CR1.pom
2016-01-01 16:34:57,162 [Worker-2] INFO  o.e.m.c.i.e.AbstractTransferListenerAdapter - Downloaded https://repo.maven.apache.org/maven2/org/jadira/usertype/usertype.core/3.0.0.CR1/usertype.core-3.0.0.CR1.pom
2016-01-01 16:34:57,470 [Worker-2] INFO  o.e.m.c.i.e.AbstractTransferListenerAdapter - Downloading https://repo.maven.apache.org/maven2/org/jadira/usertype/usertype.parent/3.0.0.CR1/usertype.parent-3.0.0.CR1.pom
2016-01-01 16:34:57,736 [Worker-2] INFO  o.e.m.c.i.e.AbstractTransferListenerAdapter - Downloaded https://repo.maven.apache.org/maven2/org/jadira/usertype/usertype.parent/3.0.0.CR1/usertype.parent-3.0.0.CR1.pom
2016-01-01 16:34:58,004 [Worker-2] INFO  o.e.m.c.i.e.AbstractTransferListenerAdapter - Downloading https://repo.maven.apache.org/maven2/org/joda/joda-money/0.6/joda-money-0.6.pom
2016-01-01 16:34:58,266 [Worker-2] INFO  o.e.m.c.i.e.AbstractTransferListenerAdapter - Downloaded https://repo.maven.apache.org/maven2/org/joda/joda-money/0.6/joda-money-0.6.pom
2016-01-01 16:34:58,548 [Worker-2] INFO  o.e.m.c.i.e.AbstractTransferListenerAdapter - Downloading https://repo.maven.apache.org/maven2/org/jadira/usertype/usertype.spi/3.0.0.CR1/usertype.spi-3.0.0.CR1.pom
2016-01-01 16:34:58,811 [Worker-2] INFO  o.e.m.c.i.e.AbstractTransferListenerAdapter - Downloaded https://repo.maven.apache.org/maven2/org/jadira/usertype/usertype.spi/3.0.0.CR1/usertype.spi-3.0.0.CR1.pom
2016-01-01 16:34:59,105 [Worker-2] INFO  o.e.m.c.i.e.AbstractTransferListenerAdapter - Downloading https://repo.maven.apache.org/maven2/junit/junit/4.7/junit-4.7.pom
2016-01-01 16:34:59,369 [Worker-2] INFO  o.e.m.c.i.e.AbstractTransferListenerAdapter - Downloaded https://repo.maven.apache.org/maven2/junit/junit/4.7/junit-4.7.pom
2016-01-01 16:34:59,708 [Worker-2] INFO  o.e.m.c.i.e.AbstractTransferListenerAdapter - Downloading https://repo.maven.apache.org/maven2/com/fasterxml/jackson/core/jackson-databind/2.2.3/jackson-databind-2.2.3.jar
2016-01-01 16:35:01,788 [Worker-2] INFO  o.e.m.c.i.e.AbstractTransferListenerAdapter - Downloaded https://repo.maven.apache.org/maven2/com/fasterxml/jackson/core/jackson-databind/2.2.3/jackson-databind-2.2.3.jar
2016-01-01 16:35:02,047 [Worker-2] INFO  o.e.m.c.i.e.AbstractTransferListenerAdapter - Downloading https://repo.maven.apache.org/maven2/com/fasterxml/jackson/core/jackson-annotations/2.2.3/jackson-annotations-2.2.3.jar
2016-01-01 16:35:02,382 [Worker-2] INFO  o.e.m.c.i.e.AbstractTransferListenerAdapter - Downloaded https://repo.maven.apache.org/maven2/com/fasterxml/jackson/core/jackson-annotations/2.2.3/jackson-annotations-2.2.3.jar
2016-01-01 16:35:02,638 [Worker-2] INFO  o.e.m.c.i.e.AbstractTransferListenerAdapter - Downloading https://repo.maven.apache.org/maven2/com/fasterxml/jackson/core/jackson-core/2.2.3/jackson-core-2.2.3.jar
2016-01-01 16:35:03,204 [Worker-2] INFO  o.e.m.c.i.e.AbstractTransferListenerAdapter - Downloaded https://repo.maven.apache.org/maven2/com/fasterxml/jackson/core/jackson-core/2.2.3/jackson-core-2.2.3.jar
2016-01-01 16:35:03,467 [Worker-2] INFO  o.e.m.c.i.e.AbstractTransferListenerAdapter - Downloading https://repo.maven.apache.org/maven2/org/springframework/spring-context/4.0.0.RELEASE/spring-context-4.0.0.RELEASE.jar
2016-01-01 16:35:05,434 [Worker-2] INFO  o.e.m.c.i.e.AbstractTransferListenerAdapter - Downloaded https://repo.maven.apache.org/maven2/org/springframework/spring-context/4.0.0.RELEASE/spring-context-4.0.0.RELEASE.jar
2016-01-01 16:35:05,697 [Worker-2] INFO  o.e.m.c.i.e.AbstractTransferListenerAdapter - Downloading https://repo.maven.apache.org/maven2/org/springframework/spring-aop/4.0.0.RELEASE/spring-aop-4.0.0.RELEASE.jar
2016-01-01 16:35:06,495 [Worker-2] INFO  o.e.m.c.i.e.AbstractTransferListenerAdapter - Downloaded https://repo.maven.apache.org/maven2/org/springframework/spring-aop/4.0.0.RELEASE/spring-aop-4.0.0.RELEASE.jar
2016-01-01 16:35:06,773 [Worker-2] INFO  o.e.m.c.i.e.AbstractTransferListenerAdapter - Downloading https://repo.maven.apache.org/maven2/org/springframework/spring-beans/4.0.0.RELEASE/spring-beans-4.0.0.RELEASE.jar
2016-01-01 16:35:08,312 [Worker-2] INFO  o.e.m.c.i.e.AbstractTransferListenerAdapter - Downloaded https://repo.maven.apache.org/maven2/org/springframework/spring-beans/4.0.0.RELEASE/spring-beans-4.0.0.RELEASE.jar
2016-01-01 16:35:08,572 [Worker-2] INFO  o.e.m.c.i.e.AbstractTransferListenerAdapter - Downloading https://repo.maven.apache.org/maven2/org/springframework/spring-expression/4.0.0.RELEASE/spring-expression-4.0.0.RELEASE.jar
2016-01-01 16:35:09,172 [Worker-2] INFO  o.e.m.c.i.e.AbstractTransferListenerAdapter - Downloaded https://repo.maven.apache.org/maven2/org/springframework/spring-expression/4.0.0.RELEASE/spring-expression-4.0.0.RELEASE.jar
2016-01-01 16:35:09,453 [Worker-2] INFO  o.e.m.c.i.e.AbstractTransferListenerAdapter - Downloading https://repo.maven.apache.org/maven2/org/springframework/spring-webmvc/4.0.0.RELEASE/spring-webmvc-4.0.0.RELEASE.jar
2016-01-01 16:35:10,818 [Worker-2] INFO  o.e.m.c.i.e.AbstractTransferListenerAdapter - Downloaded https://repo.maven.apache.org/maven2/org/springframework/spring-webmvc/4.0.0.RELEASE/spring-webmvc-4.0.0.RELEASE.jar
2016-01-01 16:35:11,086 [Worker-2] INFO  o.e.m.c.i.e.AbstractTransferListenerAdapter - Downloading https://repo.maven.apache.org/maven2/org/springframework/spring-core/4.0.0.RELEASE/spring-core-4.0.0.RELEASE.jar
2016-01-01 16:35:12,786 [Worker-2] INFO  o.e.m.c.i.e.AbstractTransferListenerAdapter - Downloaded https://repo.maven.apache.org/maven2/org/springframework/spring-core/4.0.0.RELEASE/spring-core-4.0.0.RELEASE.jar
2016-01-01 16:35:13,042 [Worker-2] INFO  o.e.m.c.i.e.AbstractTransferListenerAdapter - Downloading https://repo.maven.apache.org/maven2/commons-logging/commons-logging/1.1.1/commons-logging-1.1.1.jar
2016-01-01 16:35:13,339 [Worker-2] INFO  o.e.m.c.i.e.AbstractTransferListenerAdapter - Downloaded https://repo.maven.apache.org/maven2/commons-logging/commons-logging/1.1.1/commons-logging-1.1.1.jar
2016-01-01 16:35:13,600 [Worker-2] INFO  o.e.m.c.i.e.AbstractTransferListenerAdapter - Downloading https://repo.maven.apache.org/maven2/org/springframework/spring-web/4.0.0.RELEASE/spring-web-4.0.0.RELEASE.jar
2016-01-01 16:35:14,956 [Worker-2] INFO  o.e.m.c.i.e.AbstractTransferListenerAdapter - Downloaded https://repo.maven.apache.org/maven2/org/springframework/spring-web/4.0.0.RELEASE/spring-web-4.0.0.RELEASE.jar
2016-01-01 16:35:15,224 [Worker-2] INFO  o.e.m.c.i.e.AbstractTransferListenerAdapter - Downloading https://repo.maven.apache.org/maven2/org/springframework/spring-tx/4.0.0.RELEASE/spring-tx-4.0.0.RELEASE.jar
2016-01-01 16:35:16,000 [Worker-2] INFO  o.e.m.c.i.e.AbstractTransferListenerAdapter - Downloaded https://repo.maven.apache.org/maven2/org/springframework/spring-tx/4.0.0.RELEASE/spring-tx-4.0.0.RELEASE.jar
2016-01-01 16:35:16,276 [Worker-2] INFO  o.e.m.c.i.e.AbstractTransferListenerAdapter - Downloading https://repo.maven.apache.org/maven2/org/springframework/spring-orm/4.0.0.RELEASE/spring-orm-4.0.0.RELEASE.jar
2016-01-01 16:35:17,114 [Worker-2] INFO  o.e.m.c.i.e.AbstractTransferListenerAdapter - Downloaded https://repo.maven.apache.org/maven2/org/springframework/spring-orm/4.0.0.RELEASE/spring-orm-4.0.0.RELEASE.jar
2016-01-01 16:35:17,381 [Worker-2] INFO  o.e.m.c.i.e.AbstractTransferListenerAdapter - Downloading https://repo.maven.apache.org/maven2/org/springframework/spring-jdbc/4.0.0.RELEASE/spring-jdbc-4.0.0.RELEASE.jar
2016-01-01 16:35:18,199 [Worker-2] INFO  o.e.m.c.i.e.AbstractTransferListenerAdapter - Downloaded https://repo.maven.apache.org/maven2/org/springframework/spring-jdbc/4.0.0.RELEASE/spring-jdbc-4.0.0.RELEASE.jar
2016-01-01 16:35:18,480 [Worker-2] INFO  o.e.m.c.i.e.AbstractTransferListenerAdapter - Downloading https://repo.maven.apache.org/maven2/org/aspectj/aspectjrt/1.7.4/aspectjrt-1.7.4.jar
2016-01-01 16:35:18,770 [Worker-2] INFO  o.e.m.c.i.e.AbstractTransferListenerAdapter - Downloaded https://repo.maven.apache.org/maven2/org/aspectj/aspectjrt/1.7.4/aspectjrt-1.7.4.jar
2016-01-01 16:35:19,033 [Worker-2] INFO  o.e.m.c.i.e.AbstractTransferListenerAdapter - Downloading https://repo.maven.apache.org/maven2/org/slf4j/slf4j-api/1.7.5/slf4j-api-1.7.5.jar
2016-01-01 16:35:19,294 [Worker-2] INFO  o.e.m.c.i.e.AbstractTransferListenerAdapter - Downloaded https://repo.maven.apache.org/maven2/org/slf4j/slf4j-api/1.7.5/slf4j-api-1.7.5.jar
2016-01-01 16:35:19,547 [Worker-2] INFO  o.e.m.c.i.e.AbstractTransferListenerAdapter - Downloading https://repo.maven.apache.org/maven2/org/slf4j/jcl-over-slf4j/1.7.5/jcl-over-slf4j-1.7.5.jar
2016-01-01 16:35:19,811 [Worker-2] INFO  o.e.m.c.i.e.AbstractTransferListenerAdapter - Downloaded https://repo.maven.apache.org/maven2/org/slf4j/jcl-over-slf4j/1.7.5/jcl-over-slf4j-1.7.5.jar
2016-01-01 16:35:20,094 [Worker-2] INFO  o.e.m.c.i.e.AbstractTransferListenerAdapter - Downloading https://repo.maven.apache.org/maven2/org/slf4j/slf4j-log4j12/1.7.5/slf4j-log4j12-1.7.5.jar
2016-01-01 16:35:20,354 [Worker-2] INFO  o.e.m.c.i.e.AbstractTransferListenerAdapter - Downloaded https://repo.maven.apache.org/maven2/org/slf4j/slf4j-log4j12/1.7.5/slf4j-log4j12-1.7.5.jar
2016-01-01 16:35:20,618 [Worker-2] INFO  o.e.m.c.i.e.AbstractTransferListenerAdapter - Downloading https://repo.maven.apache.org/maven2/log4j/log4j/1.2.15/log4j-1.2.15.jar
2016-01-01 16:35:21,437 [Worker-2] INFO  o.e.m.c.i.e.AbstractTransferListenerAdapter - Downloaded https://repo.maven.apache.org/maven2/log4j/log4j/1.2.15/log4j-1.2.15.jar
2016-01-01 16:35:21,693 [Worker-2] INFO  o.e.m.c.i.e.AbstractTransferListenerAdapter - Downloading https://repo.maven.apache.org/maven2/javax/inject/javax.inject/1/javax.inject-1.jar
2016-01-01 16:35:21,951 [Worker-2] INFO  o.e.m.c.i.e.AbstractTransferListenerAdapter - Downloaded https://repo.maven.apache.org/maven2/javax/inject/javax.inject/1/javax.inject-1.jar
2016-01-01 16:35:22,228 [Worker-2] INFO  o.e.m.c.i.e.AbstractTransferListenerAdapter - Downloading https://repo.maven.apache.org/maven2/javax/servlet/servlet-api/2.5/servlet-api-2.5.jar
2016-01-01 16:35:22,511 [Worker-2] INFO  o.e.m.c.i.e.AbstractTransferListenerAdapter - Downloaded https://repo.maven.apache.org/maven2/javax/servlet/servlet-api/2.5/servlet-api-2.5.jar
2016-01-01 16:35:22,773 [Worker-2] INFO  o.e.m.c.i.e.AbstractTransferListenerAdapter - Downloading https://repo.maven.apache.org/maven2/javax/servlet/jsp/jsp-api/2.1/jsp-api-2.1.jar
2016-01-01 16:35:23,069 [Worker-2] INFO  o.e.m.c.i.e.AbstractTransferListenerAdapter - Downloaded https://repo.maven.apache.org/maven2/javax/servlet/jsp/jsp-api/2.1/jsp-api-2.1.jar
2016-01-01 16:35:23,326 [Worker-2] INFO  o.e.m.c.i.e.AbstractTransferListenerAdapter - Downloading https://repo.maven.apache.org/maven2/org/hibernate/hibernate-core/4.3.6.Final/hibernate-core-4.3.6.Final.jar
2016-01-01 16:35:29,834 [Worker-2] INFO  o.e.m.c.i.e.AbstractTransferListenerAdapter - Downloaded https://repo.maven.apache.org/maven2/org/hibernate/hibernate-core/4.3.6.Final/hibernate-core-4.3.6.Final.jar
2016-01-01 16:35:30,095 [Worker-2] INFO  o.e.m.c.i.e.AbstractTransferListenerAdapter - Downloading https://repo.maven.apache.org/maven2/org/jboss/spec/javax/transaction/jboss-transaction-api_1.2_spec/1.0.0.Final/jboss-transaction-api_1.2_spec-1.0.0.Final.jar
2016-01-01 16:35:30,377 [Worker-2] INFO  o.e.m.c.i.e.AbstractTransferListenerAdapter - Downloaded https://repo.maven.apache.org/maven2/org/jboss/spec/javax/transaction/jboss-transaction-api_1.2_spec/1.0.0.Final/jboss-transaction-api_1.2_spec-1.0.0.Final.jar
2016-01-01 16:35:30,659 [Worker-2] INFO  o.e.m.c.i.e.AbstractTransferListenerAdapter - Downloading https://repo.maven.apache.org/maven2/mysql/mysql-connector-java/5.1.31/mysql-connector-java-5.1.31.jar
2016-01-01 16:35:32,032 [Worker-2] INFO  o.e.m.c.i.e.AbstractTransferListenerAdapter - Downloaded https://repo.maven.apache.org/maven2/mysql/mysql-connector-java/5.1.31/mysql-connector-java-5.1.31.jar
2016-01-01 16:35:32,364 [Worker-2] INFO  o.e.m.c.i.e.AbstractTransferListenerAdapter - Downloading https://repo.maven.apache.org/maven2/joda-time/joda-time/2.3/joda-time-2.3.jar
2016-01-01 16:35:33,358 [Worker-2] INFO  o.e.m.c.i.e.AbstractTransferListenerAdapter - Downloaded https://repo.maven.apache.org/maven2/joda-time/joda-time/2.3/joda-time-2.3.jar
2016-01-01 16:35:33,657 [Worker-2] INFO  o.e.m.c.i.e.AbstractTransferListenerAdapter - Downloading https://repo.maven.apache.org/maven2/org/jadira/usertype/usertype.core/3.0.0.CR1/usertype.core-3.0.0.CR1.jar
2016-01-01 16:35:33,987 [Worker-2] INFO  o.e.m.c.i.e.AbstractTransferListenerAdapter - Downloaded https://repo.maven.apache.org/maven2/org/jadira/usertype/usertype.core/3.0.0.CR1/usertype.core-3.0.0.CR1.jar
2016-01-01 16:35:34,258 [Worker-2] INFO  o.e.m.c.i.e.AbstractTransferListenerAdapter - Downloading https://repo.maven.apache.org/maven2/org/joda/joda-money/0.6/joda-money-0.6.jar
2016-01-01 16:35:34,564 [Worker-2] INFO  o.e.m.c.i.e.AbstractTransferListenerAdapter - Downloaded https://repo.maven.apache.org/maven2/org/joda/joda-money/0.6/joda-money-0.6.jar
2016-01-01 16:35:34,878 [Worker-2] INFO  o.e.m.c.i.e.AbstractTransferListenerAdapter - Downloading https://repo.maven.apache.org/maven2/org/jadira/usertype/usertype.spi/3.0.0.CR1/usertype.spi-3.0.0.CR1.jar
2016-01-01 16:35:35,159 [Worker-2] INFO  o.e.m.c.i.e.AbstractTransferListenerAdapter - Downloaded https://repo.maven.apache.org/maven2/org/jadira/usertype/usertype.spi/3.0.0.CR1/usertype.spi-3.0.0.CR1.jar
2016-01-01 16:35:35,421 [Worker-2] INFO  o.e.m.c.i.e.AbstractTransferListenerAdapter - Downloading https://repo.maven.apache.org/maven2/junit/junit/4.7/junit-4.7.jar
2016-01-01 16:35:35,793 [Worker-2] INFO  o.e.m.c.i.e.AbstractTransferListenerAdapter - Downloaded https://repo.maven.apache.org/maven2/junit/junit/4.7/junit-4.7.jar
2016-01-01 16:35:36,971 [Worker-2] INFO  o.e.m.c.i.e.AbstractTransferListenerAdapter - Downloading https://repo.maven.apache.org/maven2/org/apache/maven/plugins/maven-eclipse-plugin/2.9/maven-eclipse-plugin-2.9.pom
2016-01-01 16:35:37,259 [Worker-2] INFO  o.e.m.c.i.e.AbstractTransferListenerAdapter - Downloaded https://repo.maven.apache.org/maven2/org/apache/maven/plugins/maven-eclipse-plugin/2.9/maven-eclipse-plugin-2.9.pom
2016-01-01 16:35:37,532 [Worker-2] INFO  o.e.m.c.i.e.AbstractTransferListenerAdapter - Downloading https://repo.maven.apache.org/maven2/org/apache/maven/plugins/maven-eclipse-plugin/2.9/maven-eclipse-plugin-2.9.jar
2016-01-01 16:35:37,865 [Worker-2] INFO  o.e.m.c.i.e.AbstractTransferListenerAdapter - Downloaded https://repo.maven.apache.org/maven2/org/apache/maven/plugins/maven-eclipse-plugin/2.9/maven-eclipse-plugin-2.9.jar
2016-01-01 16:35:38,161 [Worker-2] INFO  o.e.m.c.i.e.AbstractTransferListenerAdapter - Downloading https://repo.maven.apache.org/maven2/org/codehaus/mojo/exec-maven-plugin/1.2.1/exec-maven-plugin-1.2.1.pom
2016-01-01 16:35:38,447 [Worker-2] INFO  o.e.m.c.i.e.AbstractTransferListenerAdapter - Downloaded https://repo.maven.apache.org/maven2/org/codehaus/mojo/exec-maven-plugin/1.2.1/exec-maven-plugin-1.2.1.pom
2016-01-01 16:35:38,724 [Worker-2] INFO  o.e.m.c.i.e.AbstractTransferListenerAdapter - Downloading https://repo.maven.apache.org/maven2/org/codehaus/mojo/mojo-parent/28/mojo-parent-28.pom
2016-01-01 16:35:39,002 [Worker-2] INFO  o.e.m.c.i.e.AbstractTransferListenerAdapter - Downloaded https://repo.maven.apache.org/maven2/org/codehaus/mojo/mojo-parent/28/mojo-parent-28.pom
2016-01-01 16:35:39,329 [Worker-2] INFO  o.e.m.c.i.e.AbstractTransferListenerAdapter - Downloading https://repo.maven.apache.org/maven2/org/codehaus/mojo/exec-maven-plugin/1.2.1/exec-maven-plugin-1.2.1.jar
2016-01-01 16:35:39,614 [Worker-2] INFO  o.e.m.c.i.e.AbstractTransferListenerAdapter - Downloaded https://repo.maven.apache.org/maven2/org/codehaus/mojo/exec-maven-plugin/1.2.1/exec-maven-plugin-1.2.1.jar
2016-01-01 16:35:41,041 [Worker-2] INFO  o.e.m.c.i.e.AbstractTransferListenerAdapter - Downloading https://repo.maven.apache.org/maven2/org/apache/maven/plugins/maven-install-plugin/2.4/maven-install-plugin-2.4.pom
2016-01-01 16:35:41,297 [Worker-2] INFO  o.e.m.c.i.e.AbstractTransferListenerAdapter - Downloaded https://repo.maven.apache.org/maven2/org/apache/maven/plugins/maven-install-plugin/2.4/maven-install-plugin-2.4.pom
2016-01-01 16:35:41,634 [Worker-2] INFO  o.e.m.c.i.e.AbstractTransferListenerAdapter - Downloading https://repo.maven.apache.org/maven2/org/apache/maven/plugins/maven-surefire-plugin/2.12.4/maven-surefire-plugin-2.12.4.pom
2016-01-01 16:35:41,889 [Worker-2] INFO  o.e.m.c.i.e.AbstractTransferListenerAdapter - Downloaded https://repo.maven.apache.org/maven2/org/apache/maven/plugins/maven-surefire-plugin/2.12.4/maven-surefire-plugin-2.12.4.pom
2016-01-01 16:35:42,171 [Worker-2] INFO  o.e.m.c.i.e.AbstractTransferListenerAdapter - Downloading https://repo.maven.apache.org/maven2/org/apache/maven/surefire/surefire/2.12.4/surefire-2.12.4.pom
2016-01-01 16:35:42,434 [Worker-2] INFO  o.e.m.c.i.e.AbstractTransferListenerAdapter - Downloaded https://repo.maven.apache.org/maven2/org/apache/maven/surefire/surefire/2.12.4/surefire-2.12.4.pom
2016-01-01 16:35:42,703 [Worker-2] INFO  o.e.m.c.i.e.AbstractTransferListenerAdapter - Downloading https://repo.maven.apache.org/maven2/org/apache/maven/plugins/maven-war-plugin/2.4/maven-war-plugin-2.4.pom
2016-01-01 16:35:42,978 [Worker-2] INFO  o.e.m.c.i.e.AbstractTransferListenerAdapter - Downloaded https://repo.maven.apache.org/maven2/org/apache/maven/plugins/maven-war-plugin/2.4/maven-war-plugin-2.4.pom
2016-01-01 16:35:43,932 [Worker-2] INFO  o.e.m.c.i.e.AbstractTransferListenerAdapter - Downloading https://repo.maven.apache.org/maven2/org/codehaus/plexus/plexus-io/2.0.7/plexus-io-2.0.7.pom
2016-01-01 16:35:44,212 [Worker-2] INFO  o.e.m.c.i.e.AbstractTransferListenerAdapter - Downloaded https://repo.maven.apache.org/maven2/org/codehaus/plexus/plexus-io/2.0.7/plexus-io-2.0.7.pom
2016-01-01 16:35:44,515 [Worker-2] INFO  o.e.m.c.i.e.AbstractTransferListenerAdapter - Downloading https://repo.maven.apache.org/maven2/org/codehaus/plexus/plexus-utils/3.0.10/plexus-utils-3.0.10.pom
2016-01-01 16:35:44,774 [Worker-2] INFO  o.e.m.c.i.e.AbstractTransferListenerAdapter - Downloaded https://repo.maven.apache.org/maven2/org/codehaus/plexus/plexus-utils/3.0.10/plexus-utils-3.0.10.pom
2016-01-01 16:35:45,063 [Worker-2] INFO  o.e.m.c.i.e.AbstractTransferListenerAdapter - Downloading https://repo.maven.apache.org/maven2/org/codehaus/plexus/plexus-archiver/2.4.1/plexus-archiver-2.4.1.pom
2016-01-01 16:35:45,334 [Worker-2] INFO  o.e.m.c.i.e.AbstractTransferListenerAdapter - Downloaded https://repo.maven.apache.org/maven2/org/codehaus/plexus/plexus-archiver/2.4.1/plexus-archiver-2.4.1.pom
2016-01-01 16:35:45,700 [Worker-2] INFO  o.e.m.c.i.e.AbstractTransferListenerAdapter - Downloading https://repo.maven.apache.org/maven2/com/thoughtworks/xstream/xstream/1.4.2/xstream-1.4.2.pom
2016-01-01 16:35:45,975 [Worker-2] INFO  o.e.m.c.i.e.AbstractTransferListenerAdapter - Downloaded https://repo.maven.apache.org/maven2/com/thoughtworks/xstream/xstream/1.4.2/xstream-1.4.2.pom
2016-01-01 16:35:46,244 [Worker-2] INFO  o.e.m.c.i.e.AbstractTransferListenerAdapter - Downloading https://repo.maven.apache.org/maven2/com/thoughtworks/xstream/xstream-parent/1.4.2/xstream-parent-1.4.2.pom
2016-01-01 16:35:46,523 [Worker-2] INFO  o.e.m.c.i.e.AbstractTransferListenerAdapter - Downloaded https://repo.maven.apache.org/maven2/com/thoughtworks/xstream/xstream-parent/1.4.2/xstream-parent-1.4.2.pom
2016-01-01 16:35:47,058 [Worker-2] INFO  o.e.m.c.i.e.AbstractTransferListenerAdapter - Downloading https://repo.maven.apache.org/maven2/org/codehaus/plexus/plexus-io/2.0.7/plexus-io-2.0.7.jar
2016-01-01 16:35:47,342 [Worker-2] INFO  o.e.m.c.i.e.AbstractTransferListenerAdapter - Downloaded https://repo.maven.apache.org/maven2/org/codehaus/plexus/plexus-io/2.0.7/plexus-io-2.0.7.jar
2016-01-01 16:35:47,607 [Worker-2] INFO  o.e.m.c.i.e.AbstractTransferListenerAdapter - Downloading https://repo.maven.apache.org/maven2/org/codehaus/plexus/plexus-archiver/2.4.1/plexus-archiver-2.4.1.jar
2016-01-01 16:35:47,913 [Worker-2] INFO  o.e.m.c.i.e.AbstractTransferListenerAdapter - Downloaded https://repo.maven.apache.org/maven2/org/codehaus/plexus/plexus-archiver/2.4.1/plexus-archiver-2.4.1.jar
2016-01-01 16:35:48,179 [Worker-2] INFO  o.e.m.c.i.e.AbstractTransferListenerAdapter - Downloading https://repo.maven.apache.org/maven2/com/thoughtworks/xstream/xstream/1.4.2/xstream-1.4.2.jar
2016-01-01 16:35:49,029 [Worker-2] INFO  o.e.m.c.i.e.AbstractTransferListenerAdapter - Downloaded https://repo.maven.apache.org/maven2/com/thoughtworks/xstream/xstream/1.4.2/xstream-1.4.2.jar
2016-01-01 16:35:49,282 [Worker-2] INFO  o.e.m.c.i.e.AbstractTransferListenerAdapter - Downloading https://repo.maven.apache.org/maven2/org/codehaus/plexus/plexus-utils/3.0.10/plexus-utils-3.0.10.jar
2016-01-01 16:35:49,819 [Worker-2] INFO  o.e.m.c.i.e.AbstractTransferListenerAdapter - Downloaded https://repo.maven.apache.org/maven2/org/codehaus/plexus/plexus-utils/3.0.10/plexus-utils-3.0.10.jar
2016-01-01 16:35:50,922 [Worker-2] INFO  o.e.m.j.i.AbstractJavaProjectConfigurator - Adding source folder /eResturant/src/main/java
2016-01-01 16:35:50,923 [Worker-2] INFO  o.e.m.j.i.AbstractJavaProjectConfigurator - Adding resource folder /eResturant/src/main/resources
2016-01-01 16:35:50,924 [Worker-2] INFO  o.e.m.j.i.AbstractJavaProjectConfigurator - Adding source folder /eResturant/src/test/java
2016-01-01 16:35:50,924 [Worker-2] INFO  o.e.m.j.i.AbstractJavaProjectConfigurator - Adding resource folder /eResturant/src/test/resources
2016-01-01 16:35:53,716 [Worker-2] INFO  o.e.m.c.i.p.ProjectConfigurationManager - Imported and configured 1 project(s) in 89 sec
2016-01-01 16:36:39,784 [Worker-6] INFO  o.e.m.c.i.l.LifecycleMappingFactory - Using org.maven.ide.eclipse.wtp.WarLifecycleMapping lifecycle mapping for MavenProject: com.pro.eResturant:eResturant:1.0.0 @ C:\Users\pkumarku\Downloads\eHotel\eHotel\pom.xml.
2016-01-01 16:36:41,679 [Worker-6] WARN  o.e.m.c.i.embedder.EclipseLogger - Using platform encoding (Cp1252 actually) to copy filtered resources, i.e. build is platform dependent!
2016-01-01 16:36:41,687 [Worker-6] INFO  o.e.m.c.i.embedder.EclipseLogger - Copying 6 resources
2016-01-01 16:36:41,707 [Worker-6] WARN  o.e.m.c.i.embedder.EclipseLogger - Using platform encoding (Cp1252 actually) to copy filtered resources, i.e. build is platform dependent!
2016-01-01 16:36:41,708 [Worker-6] INFO  o.e.m.c.i.embedder.EclipseLogger - Copying 0 resource
2016-01-01 16:37:08,646 [Worker-11] WARN  o.e.m.c.i.embedder.EclipseLogger - Using platform encoding (Cp1252 actually) to copy filtered resources, i.e. build is platform dependent!
2016-01-01 16:37:08,652 [Worker-11] INFO  o.e.m.c.i.embedder.EclipseLogger - Copying 6 resources
2016-01-01 16:37:08,666 [Worker-11] WARN  o.e.m.c.i.embedder.EclipseLogger - Using platform encoding (Cp1252 actually) to copy filtered resources, i.e. build is platform dependent!
2016-01-01 16:37:08,667 [Worker-11] INFO  o.e.m.c.i.embedder.EclipseLogger - Copying 0 resource
2016-01-01 16:37:39,905 [Worker-0] WARN  o.e.m.c.i.embedder.EclipseLogger - Using platform encoding (Cp1252 actually) to copy filtered resources, i.e. build is platform dependent!
2016-01-01 16:37:39,907 [Worker-0] INFO  o.e.m.c.i.embedder.EclipseLogger - Copying 6 resources
2016-01-01 16:37:39,910 [Worker-0] WARN  o.e.m.c.i.embedder.EclipseLogger - Using platform encoding (Cp1252 actually) to copy filtered resources, i.e. build is platform dependent!
2016-01-01 16:37:39,912 [Worker-0] INFO  o.e.m.c.i.embedder.EclipseLogger - Copying 0 resource
2016-01-01 16:38:10,157 [Worker-12] WARN  o.e.m.c.i.embedder.EclipseLogger - Using platform encoding (Cp1252 actually) to copy filtered resources, i.e. build is platform dependent!
2016-01-01 16:38:10,159 [Worker-12] INFO  o.e.m.c.i.embedder.EclipseLogger - Copying 6 resources
2016-01-01 16:38:10,162 [Worker-12] WARN  o.e.m.c.i.embedder.EclipseLogger - Using platform encoding (Cp1252 actually) to copy filtered resources, i.e. build is platform dependent!
2016-01-01 16:38:10,163 [Worker-12] INFO  o.e.m.c.i.embedder.EclipseLogger - Copying 0 resource
2016-01-01 16:39:51,652 [Worker-0] WARN  o.e.m.c.i.embedder.EclipseLogger - Using platform encoding (Cp1252 actually) to copy filtered resources, i.e. build is platform dependent!
2016-01-01 16:39:51,654 [Worker-0] INFO  o.e.m.c.i.embedder.EclipseLogger - Copying 6 resources
2016-01-01 16:39:51,656 [Worker-0] WARN  o.e.m.c.i.embedder.EclipseLogger - Using platform encoding (Cp1252 actually) to copy filtered resources, i.e. build is platform dependent!
2016-01-01 16:39:51,656 [Worker-0] INFO  o.e.m.c.i.embedder.EclipseLogger - Copying 0 resource
2016-01-01 16:41:44,352 [Worker-3] WARN  o.e.m.c.i.embedder.EclipseLogger - Using platform encoding (Cp1252 actually) to copy filtered resources, i.e. build is platform dependent!
2016-01-01 16:41:44,354 [Worker-3] INFO  o.e.m.c.i.embedder.EclipseLogger - Copying 6 resources
2016-01-01 16:41:44,355 [Worker-3] WARN  o.e.m.c.i.embedder.EclipseLogger - Using platform encoding (Cp1252 actually) to copy filtered resources, i.e. build is platform dependent!
2016-01-01 16:41:44,356 [Worker-3] INFO  o.e.m.c.i.embedder.EclipseLogger - Copying 0 resource
2016-01-01 16:42:24,024 [Worker-0] WARN  o.e.m.c.i.embedder.EclipseLogger - Using platform encoding (Cp1252 actually) to copy filtered resources, i.e. build is platform dependent!
2016-01-01 16:42:24,026 [Worker-0] INFO  o.e.m.c.i.embedder.EclipseLogger - Copying 6 resources
2016-01-01 16:42:24,028 [Worker-0] WARN  o.e.m.c.i.embedder.EclipseLogger - Using platform encoding (Cp1252 actually) to copy filtered resources, i.e. build is platform dependent!
2016-01-01 16:42:24,029 [Worker-0] INFO  o.e.m.c.i.embedder.EclipseLogger - Copying 0 resource
2016-01-01 16:42:39,199 [Worker-17] WARN  o.e.m.c.i.embedder.EclipseLogger - Using platform encoding (Cp1252 actually) to copy filtered resources, i.e. build is platform dependent!
2016-01-01 16:42:39,200 [Worker-17] INFO  o.e.m.c.i.embedder.EclipseLogger - Copying 6 resources
2016-01-01 16:42:39,203 [Worker-17] WARN  o.e.m.c.i.embedder.EclipseLogger - Using platform encoding (Cp1252 actually) to copy filtered resources, i.e. build is platform dependent!
2016-01-01 16:42:39,204 [Worker-17] INFO  o.e.m.c.i.embedder.EclipseLogger - Copying 0 resource
2016-01-01 16:42:56,895 [Worker-8] WARN  o.e.m.c.i.embedder.EclipseLogger - Using platform encoding (Cp1252 actually) to copy filtered resources, i.e. build is platform dependent!
2016-01-01 16:42:56,897 [Worker-8] INFO  o.e.m.c.i.embedder.EclipseLogger - Copying 6 resources
2016-01-01 16:42:56,900 [Worker-8] WARN  o.e.m.c.i.embedder.EclipseLogger - Using platform encoding (Cp1252 actually) to copy filtered resources, i.e. build is platform dependent!
2016-01-01 16:42:56,901 [Worker-8] INFO  o.e.m.c.i.embedder.EclipseLogger - Copying 0 resource
2016-01-01 16:43:19,673 [Worker-17] WARN  o.e.m.c.i.embedder.EclipseLogger - Using platform encoding (Cp1252 actually) to copy filtered resources, i.e. build is platform dependent!
2016-01-01 16:43:19,675 [Worker-17] INFO  o.e.m.c.i.embedder.EclipseLogger - Copying 6 resources
2016-01-01 16:43:19,676 [Worker-17] WARN  o.e.m.c.i.embedder.EclipseLogger - Using platform encoding (Cp1252 actually) to copy filtered resources, i.e. build is platform dependent!
2016-01-01 16:43:19,677 [Worker-17] INFO  o.e.m.c.i.embedder.EclipseLogger - Copying 0 resource
2016-01-01 16:43:58,959 [Worker-15] WARN  o.e.m.c.i.embedder.EclipseLogger - Using platform encoding (Cp1252 actually) to copy filtered resources, i.e. build is platform dependent!
2016-01-01 16:43:58,961 [Worker-15] INFO  o.e.m.c.i.embedder.EclipseLogger - Copying 6 resources
2016-01-01 16:43:58,963 [Worker-15] WARN  o.e.m.c.i.embedder.EclipseLogger - Using platform encoding (Cp1252 actually) to copy filtered resources, i.e. build is platform dependent!
2016-01-01 16:43:58,964 [Worker-15] INFO  o.e.m.c.i.embedder.EclipseLogger - Copying 0 resource
2016-01-01 16:44:21,289 [Worker-0] WARN  o.e.m.c.i.embedder.EclipseLogger - Using platform encoding (Cp1252 actually) to copy filtered resources, i.e. build is platform dependent!
2016-01-01 16:44:21,291 [Worker-0] INFO  o.e.m.c.i.embedder.EclipseLogger - Copying 6 resources
2016-01-01 16:44:21,293 [Worker-0] WARN  o.e.m.c.i.embedder.EclipseLogger - Using platform encoding (Cp1252 actually) to copy filtered resources, i.e. build is platform dependent!
2016-01-01 16:44:21,293 [Worker-0] INFO  o.e.m.c.i.embedder.EclipseLogger - Copying 0 resource
2016-01-01 16:44:40,495 [Worker-0] WARN  o.e.m.c.i.embedder.EclipseLogger - Using platform encoding (Cp1252 actually) to copy filtered resources, i.e. build is platform dependent!
2016-01-01 16:44:40,497 [Worker-0] INFO  o.e.m.c.i.embedder.EclipseLogger - Copying 6 resources
2016-01-01 16:44:40,499 [Worker-0] WARN  o.e.m.c.i.embedder.EclipseLogger - Using platform encoding (Cp1252 actually) to copy filtered resources, i.e. build is platform dependent!
2016-01-01 16:44:40,500 [Worker-0] INFO  o.e.m.c.i.embedder.EclipseLogger - Copying 0 resource
2016-01-01 16:45:14,777 [Worker-2] WARN  o.e.m.c.i.embedder.EclipseLogger - Using platform encoding (Cp1252 actually) to copy filtered resources, i.e. build is platform dependent!
2016-01-01 16:45:14,778 [Worker-2] INFO  o.e.m.c.i.embedder.EclipseLogger - Copying 0 resource
2016-01-01 16:45:14,779 [Worker-2] WARN  o.e.m.c.i.embedder.EclipseLogger - Using platform encoding (Cp1252 actually) to copy filtered resources, i.e. build is platform dependent!
2016-01-01 16:45:14,781 [Worker-2] INFO  o.e.m.c.i.embedder.EclipseLogger - Copying 0 resource
2016-01-01 16:45:50,120 [Worker-11] WARN  o.e.m.c.i.embedder.EclipseLogger - Using platform encoding (Cp1252 actually) to copy filtered resources, i.e. build is platform dependent!
2016-01-01 16:45:50,123 [Worker-11] INFO  o.e.m.c.i.embedder.EclipseLogger - Copying 1 resource
2016-01-01 16:45:50,127 [Worker-11] WARN  o.e.m.c.i.embedder.EclipseLogger - Using platform encoding (Cp1252 actually) to copy filtered resources, i.e. build is platform dependent!
2016-01-01 16:45:50,128 [Worker-11] INFO  o.e.m.c.i.embedder.EclipseLogger - Copying 0 resource
2016-01-01 16:46:08,683 [Worker-3] WARN  o.e.m.c.i.embedder.EclipseLogger - Using platform encoding (Cp1252 actually) to copy filtered resources, i.e. build is platform dependent!
2016-01-01 16:46:08,685 [Worker-3] INFO  o.e.m.c.i.embedder.EclipseLogger - Copying 1 resource
2016-01-01 16:46:08,695 [Worker-3] WARN  o.e.m.c.i.embedder.EclipseLogger - Using platform encoding (Cp1252 actually) to copy filtered resources, i.e. build is platform dependent!
2016-01-01 16:46:08,696 [Worker-3] INFO  o.e.m.c.i.embedder.EclipseLogger - Copying 0 resource
2016-01-01 16:46:34,386 [Worker-2] WARN  o.e.m.c.i.embedder.EclipseLogger - Using platform encoding (Cp1252 actually) to copy filtered resources, i.e. build is platform dependent!
2016-01-01 16:46:34,387 [Worker-2] INFO  o.e.m.c.i.embedder.EclipseLogger - Copying 1 resource
2016-01-01 16:46:34,391 [Worker-2] WARN  o.e.m.c.i.embedder.EclipseLogger - Using platform encoding (Cp1252 actually) to copy filtered resources, i.e. build is platform dependent!
2016-01-01 16:46:34,392 [Worker-2] INFO  o.e.m.c.i.embedder.EclipseLogger - Copying 0 resource
2016-01-01 16:47:15,762 [Worker-8] WARN  o.e.m.c.i.embedder.EclipseLogger - Using platform encoding (Cp1252 actually) to copy filtered resources, i.e. build is platform dependent!
2016-01-01 16:47:15,763 [Worker-8] INFO  o.e.m.c.i.embedder.EclipseLogger - Copying 1 resource
2016-01-01 16:47:15,766 [Worker-8] WARN  o.e.m.c.i.embedder.EclipseLogger - Using platform encoding (Cp1252 actually) to copy filtered resources, i.e. build is platform dependent!
2016-01-01 16:47:15,768 [Worker-8] INFO  o.e.m.c.i.embedder.EclipseLogger - Copying 0 resource
2016-01-01 16:52:29,834 [Worker-16] INFO  o.e.m.c.i.l.LifecycleMappingFactory - Using org.maven.ide.eclipse.wtp.WarLifecycleMapping lifecycle mapping for MavenProject: com.pro.eResturant:eResturant:1.0.0 @ C:\Users\pkumarku\Downloads\eHotel\eHotel\pom.xml.
2016-01-01 16:52:30,075 [Worker-16] INFO  o.e.m.c.i.e.AbstractTransferListenerAdapter - Downloaded https://repo.maven.apache.org/maven2/postgresql/postgresql/${postgresql.connector.version}/postgresql-${postgresql.connector.version}.pom
2016-01-01 16:52:30,202 [Worker-16] INFO  o.e.m.c.i.e.AbstractTransferListenerAdapter - Downloaded https://repo.maven.apache.org/maven2/postgresql/postgresql/${postgresql.connector.version}/postgresql-${postgresql.connector.version}.jar
2016-01-01 16:52:31,369 [Worker-16] WARN  o.e.m.c.i.embedder.EclipseLogger - Using platform encoding (Cp1252 actually) to copy filtered resources, i.e. build is platform dependent!
2016-01-01 16:52:31,371 [Worker-16] INFO  o.e.m.c.i.embedder.EclipseLogger - Copying 0 resource
2016-01-01 16:52:31,374 [Worker-16] WARN  o.e.m.c.i.embedder.EclipseLogger - Using platform encoding (Cp1252 actually) to copy filtered resources, i.e. build is platform dependent!
2016-01-01 16:52:31,376 [Worker-16] INFO  o.e.m.c.i.embedder.EclipseLogger - Copying 0 resource
2016-01-01 16:52:31,376 [Worker-16] INFO  o.e.m.w.i.f.ResourceFilteringBuildParticipant - Changed resources require a complete clean of filtered resources of Company
2016-01-01 16:52:31,377 [Worker-16] INFO  o.e.m.w.i.f.ResourceFilteringBuildParticipant - Executing resource filtering for Company
2016-01-01 16:52:31,384 [Worker-16] WARN  o.e.m.c.i.embedder.EclipseLogger - Using platform encoding (Cp1252 actually) to copy filtered resources, i.e. build is platform dependent!
2016-01-01 16:52:32,750 [Worker-19] WARN  o.e.m.c.i.embedder.EclipseLogger - Using platform encoding (Cp1252 actually) to copy filtered resources, i.e. build is platform dependent!
2016-01-01 16:52:32,751 [Worker-19] INFO  o.e.m.c.i.embedder.EclipseLogger - Copying 0 resource
2016-01-01 16:52:32,752 [Worker-19] WARN  o.e.m.c.i.embedder.EclipseLogger - Using platform encoding (Cp1252 actually) to copy filtered resources, i.e. build is platform dependent!
2016-01-01 16:52:32,753 [Worker-19] INFO  o.e.m.c.i.embedder.EclipseLogger - Copying 0 resource
2016-01-01 16:53:00,605 [Worker-16] ERROR o.e.m.c.i.p.r.ProjectRegistryManager - Could not read pom.xml
org.eclipse.core.runtime.CoreException: Could not read pom.xml
	at org.eclipse.m2e.core.internal.embedder.MavenImpl.readModel(MavenImpl.java:565) ~[org.eclipse.m2e.core_1.6.2.20150902-0002.jar:na]
	at org.eclipse.m2e.core.internal.embedder.MavenImpl.readModel(MavenImpl.java:574) ~[org.eclipse.m2e.core_1.6.2.20150902-0002.jar:na]
	at org.eclipse.m2e.core.internal.project.registry.ProjectRegistryManager.refreshPhase2(ProjectRegistryManager.java:541) [org.eclipse.m2e.core_1.6.2.20150902-0002.jar:na]
	at org.eclipse.m2e.core.internal.project.registry.ProjectRegistryManager.refresh(ProjectRegistryManager.java:497) [org.eclipse.m2e.core_1.6.2.20150902-0002.jar:na]
	at org.eclipse.m2e.core.internal.project.registry.ProjectRegistryManager.refresh(ProjectRegistryManager.java:350) [org.eclipse.m2e.core_1.6.2.20150902-0002.jar:na]
	at org.eclipse.m2e.core.internal.project.registry.ProjectRegistryManager.refresh(ProjectRegistryManager.java:297) [org.eclipse.m2e.core_1.6.2.20150902-0002.jar:na]
	at org.eclipse.m2e.core.internal.builder.MavenBuilder$BuildMethod.getProjectFacade(MavenBuilder.java:154) [org.eclipse.m2e.core_1.6.2.20150902-0002.jar:na]
	at org.eclipse.m2e.core.internal.builder.MavenBuilder$BuildMethod$1.call(MavenBuilder.java:89) [org.eclipse.m2e.core_1.6.2.20150902-0002.jar:na]
	at org.eclipse.m2e.core.internal.embedder.MavenExecutionContext.executeBare(MavenExecutionContext.java:176) [org.eclipse.m2e.core_1.6.2.20150902-0002.jar:na]
	at org.eclipse.m2e.core.internal.embedder.MavenExecutionContext.execute(MavenExecutionContext.java:151) [org.eclipse.m2e.core_1.6.2.20150902-0002.jar:na]
	at org.eclipse.m2e.core.internal.embedder.MavenExecutionContext.execute(MavenExecutionContext.java:99) [org.eclipse.m2e.core_1.6.2.20150902-0002.jar:na]
	at org.eclipse.m2e.core.internal.builder.MavenBuilder$BuildMethod.execute(MavenBuilder.java:86) [org.eclipse.m2e.core_1.6.2.20150902-0002.jar:na]
	at org.eclipse.m2e.core.internal.builder.MavenBuilder.build(MavenBuilder.java:200) [org.eclipse.m2e.core_1.6.2.20150902-0002.jar:na]
	at org.eclipse.core.internal.events.BuildManager$2.run(BuildManager.java:734) [org.eclipse.core.resources_3.10.1.v20150725-1910.jar:na]
	at org.eclipse.core.runtime.SafeRunner.run(SafeRunner.java:42) [org.eclipse.equinox.common_3.7.0.v20150402-1709.jar:na]
	at org.eclipse.core.internal.events.BuildManager.basicBuild(BuildManager.java:205) [org.eclipse.core.resources_3.10.1.v20150725-1910.jar:na]
	at org.eclipse.core.internal.events.BuildManager.basicBuild(BuildManager.java:245) [org.eclipse.core.resources_3.10.1.v20150725-1910.jar:na]
	at org.eclipse.core.internal.events.BuildManager$1.run(BuildManager.java:300) [org.eclipse.core.resources_3.10.1.v20150725-1910.jar:na]
	at org.eclipse.core.runtime.SafeRunner.run(SafeRunner.java:42) [org.eclipse.equinox.common_3.7.0.v20150402-1709.jar:na]
	at org.eclipse.core.internal.events.BuildManager.basicBuild(BuildManager.java:303) [org.eclipse.core.resources_3.10.1.v20150725-1910.jar:na]
	at org.eclipse.core.internal.events.BuildManager.basicBuildLoop(BuildManager.java:359) [org.eclipse.core.resources_3.10.1.v20150725-1910.jar:na]
	at org.eclipse.core.internal.events.BuildManager.build(BuildManager.java:382) [org.eclipse.core.resources_3.10.1.v20150725-1910.jar:na]
	at org.eclipse.core.internal.events.AutoBuildJob.doBuild(AutoBuildJob.java:144) [org.eclipse.core.resources_3.10.1.v20150725-1910.jar:na]
	at org.eclipse.core.internal.events.AutoBuildJob.run(AutoBuildJob.java:235) [org.eclipse.core.resources_3.10.1.v20150725-1910.jar:na]
	at org.eclipse.core.internal.jobs.Worker.run(Worker.java:55) [org.eclipse.core.jobs_3.7.0.v20150330-2103.jar:na]
Caused by: org.apache.maven.model.io.ModelParseException: end tag name </dbunit.version> must match start tag name <postgresql.connector.version> from line 26 (position: TEXT seen ...<postgresql.connector.version>9.1-901.jdbc4</dbunit.version>... @26:69) 
	at org.apache.maven.model.io.DefaultModelReader.read(DefaultModelReader.java:130) ~[maven-model-builder-3.3.3.jar:3.3.3]
	at org.apache.maven.model.io.DefaultModelReader.read(DefaultModelReader.java:94) ~[maven-model-builder-3.3.3.jar:3.3.3]
	at org.eclipse.m2e.core.internal.embedder.MavenImpl.readModel(MavenImpl.java:563) ~[org.eclipse.m2e.core_1.6.2.20150902-0002.jar:na]
	... 24 common frames omitted
Caused by: org.codehaus.plexus.util.xml.pull.XmlPullParserException: end tag name </dbunit.version> must match start tag name <postgresql.connector.version> from line 26 (position: TEXT seen ...<postgresql.connector.version>9.1-901.jdbc4</dbunit.version>... @26:69) 
	at org.codehaus.plexus.util.xml.pull.MXParser.parseEndTag(MXParser.java:1727) ~[plexus-utils-3.0.20.jar:na]
	at org.codehaus.plexus.util.xml.pull.MXParser.nextImpl(MXParser.java:1169) ~[plexus-utils-3.0.20.jar:na]
	at org.codehaus.plexus.util.xml.pull.MXParser.next(MXParser.java:1131) ~[plexus-utils-3.0.20.jar:na]
	at org.codehaus.plexus.util.xml.pull.MXParser.nextText(MXParser.java:1099) ~[plexus-utils-3.0.20.jar:na]
	at org.apache.maven.model.io.xpp3.MavenXpp3Reader.parseModel(MavenXpp3Reader.java:2181) ~[maven-model-3.3.3.jar:3.3.3]
	at org.apache.maven.model.io.xpp3.MavenXpp3Reader.read(MavenXpp3Reader.java:3807) ~[maven-model-3.3.3.jar:3.3.3]
	at org.apache.maven.model.io.xpp3.MavenXpp3Reader.read(MavenXpp3Reader.java:557) ~[maven-model-3.3.3.jar:3.3.3]
	at org.apache.maven.model.io.DefaultModelReader.read(DefaultModelReader.java:125) ~[maven-model-builder-3.3.3.jar:3.3.3]
	... 26 common frames omitted
2016-01-01 16:53:02,187 [Worker-2] ERROR o.e.m.c.i.p.r.ProjectRegistryManager - Could not read pom.xml
org.eclipse.core.runtime.CoreException: Could not read pom.xml
	at org.eclipse.m2e.core.internal.embedder.MavenImpl.readModel(MavenImpl.java:565) ~[org.eclipse.m2e.core_1.6.2.20150902-0002.jar:na]
	at org.eclipse.m2e.core.internal.embedder.MavenImpl.readModel(MavenImpl.java:574) ~[org.eclipse.m2e.core_1.6.2.20150902-0002.jar:na]
	at org.eclipse.m2e.core.internal.project.registry.ProjectRegistryManager.refreshPhase2(ProjectRegistryManager.java:541) [org.eclipse.m2e.core_1.6.2.20150902-0002.jar:na]
	at org.eclipse.m2e.core.internal.project.registry.ProjectRegistryManager.refresh(ProjectRegistryManager.java:497) [org.eclipse.m2e.core_1.6.2.20150902-0002.jar:na]
	at org.eclipse.m2e.core.internal.project.registry.ProjectRegistryManager.refresh(ProjectRegistryManager.java:350) [org.eclipse.m2e.core_1.6.2.20150902-0002.jar:na]
	at org.eclipse.m2e.core.internal.project.registry.ProjectRegistryManager.refresh(ProjectRegistryManager.java:297) [org.eclipse.m2e.core_1.6.2.20150902-0002.jar:na]
	at org.eclipse.m2e.core.internal.builder.MavenBuilder$BuildMethod.getProjectFacade(MavenBuilder.java:154) [org.eclipse.m2e.core_1.6.2.20150902-0002.jar:na]
	at org.eclipse.m2e.core.internal.builder.MavenBuilder$BuildMethod$1.call(MavenBuilder.java:89) [org.eclipse.m2e.core_1.6.2.20150902-0002.jar:na]
	at org.eclipse.m2e.core.internal.embedder.MavenExecutionContext.executeBare(MavenExecutionContext.java:176) [org.eclipse.m2e.core_1.6.2.20150902-0002.jar:na]
	at org.eclipse.m2e.core.internal.embedder.MavenExecutionContext.execute(MavenExecutionContext.java:151) [org.eclipse.m2e.core_1.6.2.20150902-0002.jar:na]
	at org.eclipse.m2e.core.internal.embedder.MavenExecutionContext.execute(MavenExecutionContext.java:99) [org.eclipse.m2e.core_1.6.2.20150902-0002.jar:na]
	at org.eclipse.m2e.core.internal.builder.MavenBuilder$BuildMethod.execute(MavenBuilder.java:86) [org.eclipse.m2e.core_1.6.2.20150902-0002.jar:na]
	at org.eclipse.m2e.core.internal.builder.MavenBuilder.build(MavenBuilder.java:200) [org.eclipse.m2e.core_1.6.2.20150902-0002.jar:na]
	at org.eclipse.core.internal.events.BuildManager$2.run(BuildManager.java:734) [org.eclipse.core.resources_3.10.1.v20150725-1910.jar:na]
	at org.eclipse.core.runtime.SafeRunner.run(SafeRunner.java:42) [org.eclipse.equinox.common_3.7.0.v20150402-1709.jar:na]
	at org.eclipse.core.internal.events.BuildManager.basicBuild(BuildManager.java:205) [org.eclipse.core.resources_3.10.1.v20150725-1910.jar:na]
	at org.eclipse.core.internal.events.BuildManager.basicBuild(BuildManager.java:245) [org.eclipse.core.resources_3.10.1.v20150725-1910.jar:na]
	at org.eclipse.core.internal.events.BuildManager$1.run(BuildManager.java:300) [org.eclipse.core.resources_3.10.1.v20150725-1910.jar:na]
	at org.eclipse.core.runtime.SafeRunner.run(SafeRunner.java:42) [org.eclipse.equinox.common_3.7.0.v20150402-1709.jar:na]
	at org.eclipse.core.internal.events.BuildManager.basicBuild(BuildManager.java:303) [org.eclipse.core.resources_3.10.1.v20150725-1910.jar:na]
	at org.eclipse.core.internal.events.BuildManager.basicBuildLoop(BuildManager.java:359) [org.eclipse.core.resources_3.10.1.v20150725-1910.jar:na]
	at org.eclipse.core.internal.events.BuildManager.build(BuildManager.java:382) [org.eclipse.core.resources_3.10.1.v20150725-1910.jar:na]
	at org.eclipse.core.internal.events.AutoBuildJob.doBuild(AutoBuildJob.java:144) [org.eclipse.core.resources_3.10.1.v20150725-1910.jar:na]
	at org.eclipse.core.internal.events.AutoBuildJob.run(AutoBuildJob.java:235) [org.eclipse.core.resources_3.10.1.v20150725-1910.jar:na]
	at org.eclipse.core.internal.jobs.Worker.run(Worker.java:55) [org.eclipse.core.jobs_3.7.0.v20150330-2103.jar:na]
Caused by: org.apache.maven.model.io.ModelParseException: end tag name </dbunit.version> must match start tag name <postgresql.connector.version> from line 26 (position: TEXT seen ...<postgresql.connector.version>9.1-901.jdbc4</dbunit.version>... @26:69) 
	at org.apache.maven.model.io.DefaultModelReader.read(DefaultModelReader.java:130) ~[maven-model-builder-3.3.3.jar:3.3.3]
	at org.apache.maven.model.io.DefaultModelReader.read(DefaultModelReader.java:94) ~[maven-model-builder-3.3.3.jar:3.3.3]
	at org.eclipse.m2e.core.internal.embedder.MavenImpl.readModel(MavenImpl.java:563) ~[org.eclipse.m2e.core_1.6.2.20150902-0002.jar:na]
	... 24 common frames omitted
Caused by: org.codehaus.plexus.util.xml.pull.XmlPullParserException: end tag name </dbunit.version> must match start tag name <postgresql.connector.version> from line 26 (position: TEXT seen ...<postgresql.connector.version>9.1-901.jdbc4</dbunit.version>... @26:69) 
	at org.codehaus.plexus.util.xml.pull.MXParser.parseEndTag(MXParser.java:1727) ~[plexus-utils-3.0.20.jar:na]
	at org.codehaus.plexus.util.xml.pull.MXParser.nextImpl(MXParser.java:1169) ~[plexus-utils-3.0.20.jar:na]
	at org.codehaus.plexus.util.xml.pull.MXParser.next(MXParser.java:1131) ~[plexus-utils-3.0.20.jar:na]
	at org.codehaus.plexus.util.xml.pull.MXParser.nextText(MXParser.java:1099) ~[plexus-utils-3.0.20.jar:na]
	at org.apache.maven.model.io.xpp3.MavenXpp3Reader.parseModel(MavenXpp3Reader.java:2181) ~[maven-model-3.3.3.jar:3.3.3]
	at org.apache.maven.model.io.xpp3.MavenXpp3Reader.read(MavenXpp3Reader.java:3807) ~[maven-model-3.3.3.jar:3.3.3]
	at org.apache.maven.model.io.xpp3.MavenXpp3Reader.read(MavenXpp3Reader.java:557) ~[maven-model-3.3.3.jar:3.3.3]
	at org.apache.maven.model.io.DefaultModelReader.read(DefaultModelReader.java:125) ~[maven-model-builder-3.3.3.jar:3.3.3]
	... 26 common frames omitted
2016-01-01 16:53:03,349 [Worker-2] ERROR o.e.m.c.i.p.r.ProjectRegistryManager - Could not read pom.xml
org.eclipse.core.runtime.CoreException: Could not read pom.xml
	at org.eclipse.m2e.core.internal.embedder.MavenImpl.readModel(MavenImpl.java:565) ~[org.eclipse.m2e.core_1.6.2.20150902-0002.jar:na]
	at org.eclipse.m2e.core.internal.embedder.MavenImpl.readModel(MavenImpl.java:574) ~[org.eclipse.m2e.core_1.6.2.20150902-0002.jar:na]
	at org.eclipse.m2e.core.internal.project.registry.ProjectRegistryManager.refreshPhase2(ProjectRegistryManager.java:541) [org.eclipse.m2e.core_1.6.2.20150902-0002.jar:na]
	at org.eclipse.m2e.core.internal.project.registry.ProjectRegistryManager.refresh(ProjectRegistryManager.java:497) [org.eclipse.m2e.core_1.6.2.20150902-0002.jar:na]
	at org.eclipse.m2e.core.internal.project.registry.ProjectRegistryManager.refresh(ProjectRegistryManager.java:350) [org.eclipse.m2e.core_1.6.2.20150902-0002.jar:na]
	at org.eclipse.m2e.core.internal.project.registry.ProjectRegistryManager.refresh(ProjectRegistryManager.java:297) [org.eclipse.m2e.core_1.6.2.20150902-0002.jar:na]
	at org.eclipse.m2e.core.internal.builder.MavenBuilder$BuildMethod.getProjectFacade(MavenBuilder.java:154) [org.eclipse.m2e.core_1.6.2.20150902-0002.jar:na]
	at org.eclipse.m2e.core.internal.builder.MavenBuilder$BuildMethod$1.call(MavenBuilder.java:89) [org.eclipse.m2e.core_1.6.2.20150902-0002.jar:na]
	at org.eclipse.m2e.core.internal.embedder.MavenExecutionContext.executeBare(MavenExecutionContext.java:176) [org.eclipse.m2e.core_1.6.2.20150902-0002.jar:na]
	at org.eclipse.m2e.core.internal.embedder.MavenExecutionContext.execute(MavenExecutionContext.java:151) [org.eclipse.m2e.core_1.6.2.20150902-0002.jar:na]
	at org.eclipse.m2e.core.internal.embedder.MavenExecutionContext.execute(MavenExecutionContext.java:99) [org.eclipse.m2e.core_1.6.2.20150902-0002.jar:na]
	at org.eclipse.m2e.core.internal.builder.MavenBuilder$BuildMethod.execute(MavenBuilder.java:86) [org.eclipse.m2e.core_1.6.2.20150902-0002.jar:na]
	at org.eclipse.m2e.core.internal.builder.MavenBuilder.build(MavenBuilder.java:200) [org.eclipse.m2e.core_1.6.2.20150902-0002.jar:na]
	at org.eclipse.core.internal.events.BuildManager$2.run(BuildManager.java:734) [org.eclipse.core.resources_3.10.1.v20150725-1910.jar:na]
	at org.eclipse.core.runtime.SafeRunner.run(SafeRunner.java:42) [org.eclipse.equinox.common_3.7.0.v20150402-1709.jar:na]
	at org.eclipse.core.internal.events.BuildManager.basicBuild(BuildManager.java:205) [org.eclipse.core.resources_3.10.1.v20150725-1910.jar:na]
	at org.eclipse.core.internal.events.BuildManager.basicBuild(BuildManager.java:245) [org.eclipse.core.resources_3.10.1.v20150725-1910.jar:na]
	at org.eclipse.core.internal.events.BuildManager$1.run(BuildManager.java:300) [org.eclipse.core.resources_3.10.1.v20150725-1910.jar:na]
	at org.eclipse.core.runtime.SafeRunner.run(SafeRunner.java:42) [org.eclipse.equinox.common_3.7.0.v20150402-1709.jar:na]
	at org.eclipse.core.internal.events.BuildManager.basicBuild(BuildManager.java:303) [org.eclipse.core.resources_3.10.1.v20150725-1910.jar:na]
	at org.eclipse.core.internal.events.BuildManager.basicBuildLoop(BuildManager.java:359) [org.eclipse.core.resources_3.10.1.v20150725-1910.jar:na]
	at org.eclipse.core.internal.events.BuildManager.build(BuildManager.java:382) [org.eclipse.core.resources_3.10.1.v20150725-1910.jar:na]
	at org.eclipse.core.internal.events.AutoBuildJob.doBuild(AutoBuildJob.java:144) [org.eclipse.core.resources_3.10.1.v20150725-1910.jar:na]
	at org.eclipse.core.internal.events.AutoBuildJob.run(AutoBuildJob.java:235) [org.eclipse.core.resources_3.10.1.v20150725-1910.jar:na]
	at org.eclipse.core.internal.jobs.Worker.run(Worker.java:55) [org.eclipse.core.jobs_3.7.0.v20150330-2103.jar:na]
Caused by: org.apache.maven.model.io.ModelParseException: end tag name </dbunit.version> must match start tag name <postgresql.connector.version> from line 26 (position: TEXT seen ...<postgresql.connector.version>9.1-901.jdbc4</dbunit.version>... @26:69) 
	at org.apache.maven.model.io.DefaultModelReader.read(DefaultModelReader.java:130) ~[maven-model-builder-3.3.3.jar:3.3.3]
	at org.apache.maven.model.io.DefaultModelReader.read(DefaultModelReader.java:94) ~[maven-model-builder-3.3.3.jar:3.3.3]
	at org.eclipse.m2e.core.internal.embedder.MavenImpl.readModel(MavenImpl.java:563) ~[org.eclipse.m2e.core_1.6.2.20150902-0002.jar:na]
	... 24 common frames omitted
Caused by: org.codehaus.plexus.util.xml.pull.XmlPullParserException: end tag name </dbunit.version> must match start tag name <postgresql.connector.version> from line 26 (position: TEXT seen ...<postgresql.connector.version>9.1-901.jdbc4</dbunit.version>... @26:69) 
	at org.codehaus.plexus.util.xml.pull.MXParser.parseEndTag(MXParser.java:1727) ~[plexus-utils-3.0.20.jar:na]
	at org.codehaus.plexus.util.xml.pull.MXParser.nextImpl(MXParser.java:1169) ~[plexus-utils-3.0.20.jar:na]
	at org.codehaus.plexus.util.xml.pull.MXParser.next(MXParser.java:1131) ~[plexus-utils-3.0.20.jar:na]
	at org.codehaus.plexus.util.xml.pull.MXParser.nextText(MXParser.java:1099) ~[plexus-utils-3.0.20.jar:na]
	at org.apache.maven.model.io.xpp3.MavenXpp3Reader.parseModel(MavenXpp3Reader.java:2181) ~[maven-model-3.3.3.jar:3.3.3]
	at org.apache.maven.model.io.xpp3.MavenXpp3Reader.read(MavenXpp3Reader.java:3807) ~[maven-model-3.3.3.jar:3.3.3]
	at org.apache.maven.model.io.xpp3.MavenXpp3Reader.read(MavenXpp3Reader.java:557) ~[maven-model-3.3.3.jar:3.3.3]
	at org.apache.maven.model.io.DefaultModelReader.read(DefaultModelReader.java:125) ~[maven-model-builder-3.3.3.jar:3.3.3]
	... 26 common frames omitted
2016-01-01 16:53:10,333 [Worker-19] INFO  o.e.m.c.i.l.LifecycleMappingFactory - Using org.maven.ide.eclipse.wtp.WarLifecycleMapping lifecycle mapping for MavenProject: com.pro.eResturant:eResturant:1.0.0 @ C:\Users\pkumarku\Downloads\eHotel\eHotel\pom.xml.
2016-01-01 16:53:11,524 [Worker-3] INFO  o.e.m.c.i.e.AbstractTransferListenerAdapter - Downloading https://repo.maven.apache.org/maven2/postgresql/postgresql/9.1-901.jdbc4/postgresql-9.1-901.jdbc4.pom
2016-01-01 16:53:11,824 [Worker-3] INFO  o.e.m.c.i.e.AbstractTransferListenerAdapter - Downloaded https://repo.maven.apache.org/maven2/postgresql/postgresql/9.1-901.jdbc4/postgresql-9.1-901.jdbc4.pom
2016-01-01 16:53:12,445 [Worker-3] INFO  o.e.m.c.i.e.AbstractTransferListenerAdapter - Downloading https://repo.maven.apache.org/maven2/postgresql/postgresql/9.1-901.jdbc4/postgresql-9.1-901.jdbc4.jar
2016-01-01 16:53:14,477 [Worker-3] INFO  o.e.m.c.i.e.AbstractTransferListenerAdapter - Downloaded https://repo.maven.apache.org/maven2/postgresql/postgresql/9.1-901.jdbc4/postgresql-9.1-901.jdbc4.jar
2016-01-01 16:53:15,698 [Worker-19] WARN  o.e.m.c.i.embedder.EclipseLogger - Using platform encoding (Cp1252 actually) to copy filtered resources, i.e. build is platform dependent!
2016-01-01 16:53:15,700 [Worker-19] INFO  o.e.m.c.i.embedder.EclipseLogger - Copying 0 resource
2016-01-01 16:53:15,702 [Worker-19] WARN  o.e.m.c.i.embedder.EclipseLogger - Using platform encoding (Cp1252 actually) to copy filtered resources, i.e. build is platform dependent!
2016-01-01 16:53:15,703 [Worker-19] INFO  o.e.m.c.i.embedder.EclipseLogger - Copying 0 resource
2016-01-01 16:53:15,703 [Worker-19] INFO  o.e.m.w.i.f.ResourceFilteringBuildParticipant - Changed resources require a complete clean of filtered resources of Company
2016-01-01 16:53:15,703 [Worker-19] INFO  o.e.m.w.i.f.ResourceFilteringBuildParticipant - Executing resource filtering for Company
2016-01-01 16:53:15,707 [Worker-19] WARN  o.e.m.c.i.embedder.EclipseLogger - Using platform encoding (Cp1252 actually) to copy filtered resources, i.e. build is platform dependent!
2016-01-01 16:53:17,421 [Worker-17] WARN  o.e.m.c.i.embedder.EclipseLogger - Using platform encoding (Cp1252 actually) to copy filtered resources, i.e. build is platform dependent!
2016-01-01 16:53:17,423 [Worker-17] INFO  o.e.m.c.i.embedder.EclipseLogger - Copying 6 resources
2016-01-01 16:53:17,445 [Worker-17] WARN  o.e.m.c.i.embedder.EclipseLogger - Using platform encoding (Cp1252 actually) to copy filtered resources, i.e. build is platform dependent!
2016-01-01 16:53:17,446 [Worker-17] INFO  o.e.m.c.i.embedder.EclipseLogger - Copying 0 resource
2016-01-01 16:56:16,466 [Worker-17] WARN  o.e.m.c.i.embedder.EclipseLogger - Using platform encoding (Cp1252 actually) to copy filtered resources, i.e. build is platform dependent!
2016-01-01 16:56:16,467 [Worker-17] INFO  o.e.m.c.i.embedder.EclipseLogger - Copying 1 resource
2016-01-01 16:56:16,470 [Worker-17] WARN  o.e.m.c.i.embedder.EclipseLogger - Using platform encoding (Cp1252 actually) to copy filtered resources, i.e. build is platform dependent!
2016-01-01 16:56:16,472 [Worker-17] INFO  o.e.m.c.i.embedder.EclipseLogger - Copying 0 resource
2016-01-01 16:57:43,856 [Worker-2] WARN  o.e.m.c.i.embedder.EclipseLogger - Using platform encoding (Cp1252 actually) to copy filtered resources, i.e. build is platform dependent!
2016-01-01 16:57:43,857 [Worker-2] INFO  o.e.m.c.i.embedder.EclipseLogger - Copying 1 resource
2016-01-01 16:57:43,860 [Worker-2] WARN  o.e.m.c.i.embedder.EclipseLogger - Using platform encoding (Cp1252 actually) to copy filtered resources, i.e. build is platform dependent!
2016-01-01 16:57:43,861 [Worker-2] INFO  o.e.m.c.i.embedder.EclipseLogger - Copying 0 resource
2016-01-01 16:59:32,698 [Worker-11] WARN  o.e.m.c.i.embedder.EclipseLogger - Using platform encoding (Cp1252 actually) to copy filtered resources, i.e. build is platform dependent!
2016-01-01 16:59:32,699 [Worker-11] INFO  o.e.m.c.i.embedder.EclipseLogger - Copying 1 resource
2016-01-01 16:59:32,701 [Worker-11] WARN  o.e.m.c.i.embedder.EclipseLogger - Using platform encoding (Cp1252 actually) to copy filtered resources, i.e. build is platform dependent!
2016-01-01 16:59:32,703 [Worker-11] INFO  o.e.m.c.i.embedder.EclipseLogger - Copying 0 resource
2016-01-01 16:59:51,984 [main] INFO  o.e.m2e.actions.ExecutePomAction - Creating new launch configuration
2016-01-01 17:00:11,422 [Worker-11] INFO  o.e.m.i.launch.MavenLaunchDelegate - C:\Users\pkumarku\Downloads\eHotel\eHotel
2016-01-01 17:00:11,423 [Worker-11] INFO  o.e.m.i.launch.MavenLaunchDelegate -  mvn  -B clean install
2016-01-01 17:01:00,140 [Worker-16] INFO  o.e.m.c.i.l.LifecycleMappingFactory - Using org.maven.ide.eclipse.wtp.WarLifecycleMapping lifecycle mapping for MavenProject: com.pro.company:Company:1.0.0 @ C:\Users\pkumarku\Downloads\eHotel\eHotel\pom.xml.
2016-01-01 17:01:01,450 [Worker-16] WARN  o.e.m.c.i.embedder.EclipseLogger - Using platform encoding (Cp1252 actually) to copy filtered resources, i.e. build is platform dependent!
2016-01-01 17:01:01,453 [Worker-16] INFO  o.e.m.c.i.embedder.EclipseLogger - Copying 0 resource
2016-01-01 17:01:01,455 [Worker-16] WARN  o.e.m.c.i.embedder.EclipseLogger - Using platform encoding (Cp1252 actually) to copy filtered resources, i.e. build is platform dependent!
2016-01-01 17:01:01,456 [Worker-16] INFO  o.e.m.c.i.embedder.EclipseLogger - Copying 0 resource
2016-01-01 17:01:01,456 [Worker-16] INFO  o.e.m.w.i.f.ResourceFilteringBuildParticipant - Changed resources require a complete clean of filtered resources of Company
2016-01-01 17:01:01,456 [Worker-16] INFO  o.e.m.w.i.f.ResourceFilteringBuildParticipant - Executing resource filtering for Company
2016-01-01 17:01:01,460 [Worker-16] WARN  o.e.m.c.i.embedder.EclipseLogger - Using platform encoding (Cp1252 actually) to copy filtered resources, i.e. build is platform dependent!
2016-01-01 17:01:07,457 [Worker-3] INFO  o.e.m.c.i.l.LifecycleMappingFactory - Using org.maven.ide.eclipse.wtp.WarLifecycleMapping lifecycle mapping for MavenProject: com.pro.company:Company:1.0.0 @ C:\Users\pkumarku\Downloads\eHotel\eHotel\pom.xml.
2016-01-01 17:01:08,734 [Worker-3] WARN  o.e.m.c.i.embedder.EclipseLogger - Using platform encoding (Cp1252 actually) to copy filtered resources, i.e. build is platform dependent!
2016-01-01 17:01:08,736 [Worker-3] INFO  o.e.m.c.i.embedder.EclipseLogger - Copying 0 resource
2016-01-01 17:01:08,738 [Worker-3] WARN  o.e.m.c.i.embedder.EclipseLogger - Using platform encoding (Cp1252 actually) to copy filtered resources, i.e. build is platform dependent!
2016-01-01 17:01:08,739 [Worker-3] INFO  o.e.m.c.i.embedder.EclipseLogger - Copying 0 resource
2016-01-01 17:01:08,739 [Worker-3] INFO  o.e.m.w.i.f.ResourceFilteringBuildParticipant - Changed resources require a complete clean of filtered resources of Company
2016-01-01 17:01:08,740 [Worker-3] INFO  o.e.m.w.i.f.ResourceFilteringBuildParticipant - Executing resource filtering for Company
2016-01-01 17:01:08,744 [Worker-3] WARN  o.e.m.c.i.embedder.EclipseLogger - Using platform encoding (Cp1252 actually) to copy filtered resources, i.e. build is platform dependent!
2016-01-01 17:01:17,828 [main] INFO  o.e.m2e.actions.ExecutePomAction - Creating new launch configuration
2016-01-01 17:01:40,642 [Worker-24] INFO  o.e.m.i.launch.MavenLaunchDelegate - C:\Users\pkumarku\Downloads\eHotel\eHotel
2016-01-01 17:01:40,642 [Worker-24] INFO  o.e.m.i.launch.MavenLaunchDelegate -  mvn  -B clean install
2016-01-01 17:07:29,915 [Worker-26] WARN  o.e.m.c.i.embedder.EclipseLogger - Using platform encoding (Cp1252 actually) to copy filtered resources, i.e. build is platform dependent!
2016-01-01 17:07:29,917 [Worker-26] INFO  o.e.m.c.i.embedder.EclipseLogger - Copying 6 resources
2016-01-01 17:07:29,933 [Worker-26] WARN  o.e.m.c.i.embedder.EclipseLogger - Using platform encoding (Cp1252 actually) to copy filtered resources, i.e. build is platform dependent!
2016-01-01 17:07:29,934 [Worker-26] INFO  o.e.m.c.i.embedder.EclipseLogger - Copying 0 resource
2016-01-01 17:07:30,967 [Worker-29] WARN  o.e.m.c.i.embedder.EclipseLogger - Using platform encoding (Cp1252 actually) to copy filtered resources, i.e. build is platform dependent!
2016-01-01 17:07:30,967 [Worker-29] INFO  o.e.m.c.i.embedder.EclipseLogger - Copying 0 resource
2016-01-01 17:07:30,969 [Worker-29] WARN  o.e.m.c.i.embedder.EclipseLogger - Using platform encoding (Cp1252 actually) to copy filtered resources, i.e. build is platform dependent!
2016-01-01 17:07:30,969 [Worker-29] INFO  o.e.m.c.i.embedder.EclipseLogger - Copying 0 resource
2016-01-01 17:07:33,099 [Worker-29] WARN  o.e.m.c.i.embedder.EclipseLogger - Using platform encoding (Cp1252 actually) to copy filtered resources, i.e. build is platform dependent!
2016-01-01 17:07:33,100 [Worker-29] INFO  o.e.m.c.i.embedder.EclipseLogger - Copying 0 resource
2016-01-01 17:07:33,101 [Worker-29] WARN  o.e.m.c.i.embedder.EclipseLogger - Using platform encoding (Cp1252 actually) to copy filtered resources, i.e. build is platform dependent!
2016-01-01 17:07:33,102 [Worker-29] INFO  o.e.m.c.i.embedder.EclipseLogger - Copying 0 resource
2016-01-01 17:07:47,218 [Worker-27] INFO  o.e.m.i.launch.MavenLaunchDelegate - C:\Users\pkumarku\Downloads\eHotel\eHotel
2016-01-01 17:07:47,218 [Worker-27] INFO  o.e.m.i.launch.MavenLaunchDelegate -  mvn  -B clean install
2016-01-01 17:15:00,546 [Worker-4] WARN  o.e.m.c.i.embedder.EclipseLogger - Using platform encoding (Cp1252 actually) to copy filtered resources, i.e. build is platform dependent!
2016-01-01 17:15:00,572 [Worker-4] INFO  o.e.m.c.i.embedder.EclipseLogger - Copying 6 resources
2016-01-01 17:15:00,583 [Worker-4] WARN  o.e.m.c.i.embedder.EclipseLogger - Using platform encoding (Cp1252 actually) to copy filtered resources, i.e. build is platform dependent!
2016-01-01 17:15:00,586 [Worker-4] INFO  o.e.m.c.i.embedder.EclipseLogger - Copying 0 resource
2016-01-01 17:16:10,983 [Worker-18] INFO  o.e.m.c.i.l.LifecycleMappingFactory - Using org.maven.ide.eclipse.wtp.WarLifecycleMapping lifecycle mapping for MavenProject: com.pro.company:Company:1.0.0 @ C:\Users\pkumarku\Downloads\eHotel\eHotel\pom.xml.
2016-01-01 17:16:12,692 [Worker-18] WARN  o.e.m.c.i.embedder.EclipseLogger - Using platform encoding (Cp1252 actually) to copy filtered resources, i.e. build is platform dependent!
2016-01-01 17:16:12,694 [Worker-18] INFO  o.e.m.c.i.embedder.EclipseLogger - Copying 0 resource
2016-01-01 17:16:12,696 [Worker-18] WARN  o.e.m.c.i.embedder.EclipseLogger - Using platform encoding (Cp1252 actually) to copy filtered resources, i.e. build is platform dependent!
2016-01-01 17:16:12,697 [Worker-18] INFO  o.e.m.c.i.embedder.EclipseLogger - Copying 0 resource
2016-01-01 17:16:12,698 [Worker-18] INFO  o.e.m.w.i.f.ResourceFilteringBuildParticipant - Changed resources require a complete clean of filtered resources of Company
2016-01-01 17:16:12,699 [Worker-18] INFO  o.e.m.w.i.f.ResourceFilteringBuildParticipant - Executing resource filtering for Company
2016-01-01 17:16:12,703 [Worker-18] WARN  o.e.m.c.i.embedder.EclipseLogger - Using platform encoding (Cp1252 actually) to copy filtered resources, i.e. build is platform dependent!
2016-01-01 17:16:15,231 [Worker-9] INFO  o.e.m.c.i.l.LifecycleMappingFactory - Using org.maven.ide.eclipse.wtp.WarLifecycleMapping lifecycle mapping for MavenProject: com.pro.company:Company:1.0.0 @ C:\Users\pkumarku\Downloads\eHotel\eHotel\pom.xml.
2016-01-01 17:16:16,953 [Worker-9] WARN  o.e.m.c.i.embedder.EclipseLogger - Using platform encoding (Cp1252 actually) to copy filtered resources, i.e. build is platform dependent!
2016-01-01 17:16:16,955 [Worker-9] INFO  o.e.m.c.i.embedder.EclipseLogger - Copying 0 resource
2016-01-01 17:16:16,957 [Worker-9] WARN  o.e.m.c.i.embedder.EclipseLogger - Using platform encoding (Cp1252 actually) to copy filtered resources, i.e. build is platform dependent!
2016-01-01 17:16:16,958 [Worker-9] INFO  o.e.m.c.i.embedder.EclipseLogger - Copying 0 resource
2016-01-01 17:16:16,959 [Worker-9] INFO  o.e.m.w.i.f.ResourceFilteringBuildParticipant - Changed resources require a complete clean of filtered resources of Company
2016-01-01 17:16:16,959 [Worker-9] INFO  o.e.m.w.i.f.ResourceFilteringBuildParticipant - Executing resource filtering for Company
2016-01-01 17:16:16,963 [Worker-9] WARN  o.e.m.c.i.embedder.EclipseLogger - Using platform encoding (Cp1252 actually) to copy filtered resources, i.e. build is platform dependent!
2016-01-01 17:59:23,209 [Worker-14] WARN  o.e.m.c.i.embedder.EclipseLogger - Using platform encoding (Cp1252 actually) to copy filtered resources, i.e. build is platform dependent!
2016-01-01 17:59:23,222 [Worker-14] INFO  o.e.m.c.i.embedder.EclipseLogger - Copying 6 resources
2016-01-01 17:59:23,230 [Worker-14] WARN  o.e.m.c.i.embedder.EclipseLogger - Using platform encoding (Cp1252 actually) to copy filtered resources, i.e. build is platform dependent!
2016-01-01 17:59:23,232 [Worker-14] INFO  o.e.m.c.i.embedder.EclipseLogger - Copying 0 resource
2016-01-01 20:39:30,616 [Worker-71] WARN  o.e.m.c.i.embedder.EclipseLogger - Using platform encoding (Cp1252 actually) to copy filtered resources, i.e. build is platform dependent!
2016-01-01 20:39:30,627 [Worker-71] INFO  o.e.m.c.i.embedder.EclipseLogger - Copying 6 resources
2016-01-01 20:39:30,631 [Worker-71] WARN  o.e.m.c.i.embedder.EclipseLogger - Using platform encoding (Cp1252 actually) to copy filtered resources, i.e. build is platform dependent!
2016-01-01 20:39:30,633 [Worker-71] INFO  o.e.m.c.i.embedder.EclipseLogger - Copying 0 resource
2016-01-01 20:43:38,497 [Worker-70] WARN  o.e.m.c.i.embedder.EclipseLogger - Using platform encoding (Cp1252 actually) to copy filtered resources, i.e. build is platform dependent!
2016-01-01 20:43:38,499 [Worker-70] INFO  o.e.m.c.i.embedder.EclipseLogger - Copying 1 resource
2016-01-01 20:43:38,537 [Worker-70] WARN  o.e.m.c.i.embedder.EclipseLogger - Using platform encoding (Cp1252 actually) to copy filtered resources, i.e. build is platform dependent!
2016-01-01 20:43:38,538 [Worker-70] INFO  o.e.m.c.i.embedder.EclipseLogger - Copying 0 resource
2016-01-01 20:43:51,596 [Worker-70] INFO  o.e.m.i.launch.MavenLaunchDelegate - C:\Users\pkumarku\Downloads\eHotel\eHotel
2016-01-01 20:43:51,596 [Worker-70] INFO  o.e.m.i.launch.MavenLaunchDelegate -  mvn  -B clean install
2016-01-01 20:45:13,815 [Worker-76] WARN  o.e.m.c.i.embedder.EclipseLogger - Using platform encoding (Cp1252 actually) to copy filtered resources, i.e. build is platform dependent!
2016-01-01 20:45:13,816 [Worker-76] INFO  o.e.m.c.i.embedder.EclipseLogger - Copying 0 resource
2016-01-01 20:45:13,817 [Worker-76] WARN  o.e.m.c.i.embedder.EclipseLogger - Using platform encoding (Cp1252 actually) to copy filtered resources, i.e. build is platform dependent!
2016-01-01 20:45:13,818 [Worker-76] INFO  o.e.m.c.i.embedder.EclipseLogger - Copying 0 resource
2016-01-01 20:47:32,887 [Worker-70] WARN  o.e.m.c.i.embedder.EclipseLogger - Using platform encoding (Cp1252 actually) to copy filtered resources, i.e. build is platform dependent!
2016-01-01 20:47:32,888 [Worker-70] INFO  o.e.m.c.i.embedder.EclipseLogger - Copying 0 resource
2016-01-01 20:47:32,890 [Worker-70] WARN  o.e.m.c.i.embedder.EclipseLogger - Using platform encoding (Cp1252 actually) to copy filtered resources, i.e. build is platform dependent!
2016-01-01 20:47:32,891 [Worker-70] INFO  o.e.m.c.i.embedder.EclipseLogger - Copying 0 resource
2016-01-01 20:47:36,208 [Worker-75] INFO  o.e.m.i.launch.MavenLaunchDelegate - C:\Users\pkumarku\Downloads\eHotel\eHotel
2016-01-01 20:47:36,208 [Worker-75] INFO  o.e.m.i.launch.MavenLaunchDelegate -  mvn  -B clean install
2016-01-01 20:51:48,932 [Worker-74] WARN  o.e.m.c.i.embedder.EclipseLogger - Using platform encoding (Cp1252 actually) to copy filtered resources, i.e. build is platform dependent!
2016-01-01 20:51:48,933 [Worker-74] INFO  o.e.m.c.i.embedder.EclipseLogger - Copying 0 resource
2016-01-01 20:51:48,934 [Worker-74] WARN  o.e.m.c.i.embedder.EclipseLogger - Using platform encoding (Cp1252 actually) to copy filtered resources, i.e. build is platform dependent!
2016-01-01 20:51:48,935 [Worker-74] INFO  o.e.m.c.i.embedder.EclipseLogger - Copying 0 resource
2016-01-01 20:52:32,833 [Worker-75] WARN  o.e.m.c.i.embedder.EclipseLogger - Using platform encoding (Cp1252 actually) to copy filtered resources, i.e. build is platform dependent!
2016-01-01 20:52:32,835 [Worker-75] INFO  o.e.m.c.i.embedder.EclipseLogger - Copying 6 resources
2016-01-01 20:52:32,838 [Worker-75] WARN  o.e.m.c.i.embedder.EclipseLogger - Using platform encoding (Cp1252 actually) to copy filtered resources, i.e. build is platform dependent!
2016-01-01 20:52:32,839 [Worker-75] INFO  o.e.m.c.i.embedder.EclipseLogger - Copying 0 resource
2016-01-01 20:52:33,909 [Worker-75] WARN  o.e.m.c.i.embedder.EclipseLogger - Using platform encoding (Cp1252 actually) to copy filtered resources, i.e. build is platform dependent!
2016-01-01 20:52:33,911 [Worker-75] INFO  o.e.m.c.i.embedder.EclipseLogger - Copying 6 resources
2016-01-01 20:52:33,913 [Worker-75] WARN  o.e.m.c.i.embedder.EclipseLogger - Using platform encoding (Cp1252 actually) to copy filtered resources, i.e. build is platform dependent!
2016-01-01 20:52:33,914 [Worker-75] INFO  o.e.m.c.i.embedder.EclipseLogger - Copying 0 resource
2016-01-01 20:52:43,078 [Worker-76] WARN  o.e.m.c.i.embedder.EclipseLogger - Using platform encoding (Cp1252 actually) to copy filtered resources, i.e. build is platform dependent!
2016-01-01 20:52:43,079 [Worker-76] INFO  o.e.m.c.i.embedder.EclipseLogger - Copying 6 resources
2016-01-01 20:52:43,082 [Worker-76] WARN  o.e.m.c.i.embedder.EclipseLogger - Using platform encoding (Cp1252 actually) to copy filtered resources, i.e. build is platform dependent!
2016-01-01 20:52:43,082 [Worker-76] INFO  o.e.m.c.i.embedder.EclipseLogger - Copying 0 resource
2016-01-01 20:53:39,513 [Worker-70] WARN  o.e.m.c.i.embedder.EclipseLogger - Using platform encoding (Cp1252 actually) to copy filtered resources, i.e. build is platform dependent!
2016-01-01 20:53:39,515 [Worker-70] INFO  o.e.m.c.i.embedder.EclipseLogger - Copying 6 resources
2016-01-01 20:53:39,518 [Worker-70] WARN  o.e.m.c.i.embedder.EclipseLogger - Using platform encoding (Cp1252 actually) to copy filtered resources, i.e. build is platform dependent!
2016-01-01 20:53:39,519 [Worker-70] INFO  o.e.m.c.i.embedder.EclipseLogger - Copying 0 resource
2016-01-01 20:53:40,590 [Worker-78] WARN  o.e.m.c.i.embedder.EclipseLogger - Using platform encoding (Cp1252 actually) to copy filtered resources, i.e. build is platform dependent!
2016-01-01 20:53:40,595 [Worker-78] INFO  o.e.m.c.i.embedder.EclipseLogger - Copying 6 resources
2016-01-01 20:53:40,597 [Worker-78] WARN  o.e.m.c.i.embedder.EclipseLogger - Using platform encoding (Cp1252 actually) to copy filtered resources, i.e. build is platform dependent!
2016-01-01 20:53:40,598 [Worker-78] INFO  o.e.m.c.i.embedder.EclipseLogger - Copying 0 resource
2016-01-01 20:54:27,294 [Worker-77] WARN  o.e.m.c.i.embedder.EclipseLogger - Using platform encoding (Cp1252 actually) to copy filtered resources, i.e. build is platform dependent!
2016-01-01 20:54:27,297 [Worker-77] INFO  o.e.m.c.i.embedder.EclipseLogger - Copying 6 resources
2016-01-01 20:54:27,300 [Worker-77] WARN  o.e.m.c.i.embedder.EclipseLogger - Using platform encoding (Cp1252 actually) to copy filtered resources, i.e. build is platform dependent!
2016-01-01 20:54:27,301 [Worker-77] INFO  o.e.m.c.i.embedder.EclipseLogger - Copying 0 resource
2016-01-01 20:54:40,567 [Worker-72] WARN  o.e.m.c.i.embedder.EclipseLogger - Using platform encoding (Cp1252 actually) to copy filtered resources, i.e. build is platform dependent!
2016-01-01 20:54:40,569 [Worker-72] INFO  o.e.m.c.i.embedder.EclipseLogger - Copying 6 resources
2016-01-01 20:54:40,571 [Worker-72] WARN  o.e.m.c.i.embedder.EclipseLogger - Using platform encoding (Cp1252 actually) to copy filtered resources, i.e. build is platform dependent!
2016-01-01 20:54:40,572 [Worker-72] INFO  o.e.m.c.i.embedder.EclipseLogger - Copying 0 resource
2016-01-01 20:54:54,927 [Worker-78] INFO  o.e.m.c.i.l.LifecycleMappingFactory - Using org.maven.ide.eclipse.wtp.WarLifecycleMapping lifecycle mapping for MavenProject: com.pro.company:Company:1.0.0 @ C:\Users\pkumarku\Downloads\eHotel\eHotel\pom.xml.
2016-01-01 20:54:56,714 [Worker-78] WARN  o.e.m.c.i.embedder.EclipseLogger - Using platform encoding (Cp1252 actually) to copy filtered resources, i.e. build is platform dependent!
2016-01-01 20:54:56,716 [Worker-78] INFO  o.e.m.c.i.embedder.EclipseLogger - Copying 0 resource
2016-01-01 20:54:56,719 [Worker-78] WARN  o.e.m.c.i.embedder.EclipseLogger - Using platform encoding (Cp1252 actually) to copy filtered resources, i.e. build is platform dependent!
2016-01-01 20:54:56,719 [Worker-78] INFO  o.e.m.c.i.embedder.EclipseLogger - Copying 0 resource
2016-01-01 20:54:56,720 [Worker-78] INFO  o.e.m.w.i.f.ResourceFilteringBuildParticipant - Changed resources require a complete clean of filtered resources of Company
2016-01-01 20:54:56,721 [Worker-78] INFO  o.e.m.w.i.f.ResourceFilteringBuildParticipant - Executing resource filtering for Company
2016-01-01 20:54:56,726 [Worker-78] WARN  o.e.m.c.i.embedder.EclipseLogger - Using platform encoding (Cp1252 actually) to copy filtered resources, i.e. build is platform dependent!
2016-01-01 20:54:58,182 [Worker-70] WARN  o.e.m.c.i.embedder.EclipseLogger - Using platform encoding (Cp1252 actually) to copy filtered resources, i.e. build is platform dependent!
2016-01-01 20:54:58,183 [Worker-70] INFO  o.e.m.c.i.embedder.EclipseLogger - Copying 0 resource
2016-01-01 20:54:58,185 [Worker-70] WARN  o.e.m.c.i.embedder.EclipseLogger - Using platform encoding (Cp1252 actually) to copy filtered resources, i.e. build is platform dependent!
2016-01-01 20:54:58,186 [Worker-70] INFO  o.e.m.c.i.embedder.EclipseLogger - Copying 0 resource
2016-01-01 20:55:17,318 [Worker-72] WARN  o.e.m.c.i.embedder.EclipseLogger - Using platform encoding (Cp1252 actually) to copy filtered resources, i.e. build is platform dependent!
2016-01-01 20:55:17,319 [Worker-72] INFO  o.e.m.c.i.embedder.EclipseLogger - Copying 0 resource
2016-01-01 20:55:17,320 [Worker-72] WARN  o.e.m.c.i.embedder.EclipseLogger - Using platform encoding (Cp1252 actually) to copy filtered resources, i.e. build is platform dependent!
2016-01-01 20:55:17,321 [Worker-72] INFO  o.e.m.c.i.embedder.EclipseLogger - Copying 0 resource
2016-01-01 20:55:32,800 [Worker-79] INFO  o.e.m.i.launch.MavenLaunchDelegate - C:\Users\pkumarku\Downloads\eHotel\eHotel
2016-01-01 20:55:32,800 [Worker-79] INFO  o.e.m.i.launch.MavenLaunchDelegate -  mvn  -B clean install
2016-01-01 20:56:26,083 [Worker-78] WARN  o.e.m.c.i.embedder.EclipseLogger - Using platform encoding (Cp1252 actually) to copy filtered resources, i.e. build is platform dependent!
2016-01-01 20:56:26,085 [Worker-78] INFO  o.e.m.c.i.embedder.EclipseLogger - Copying 6 resources
2016-01-01 20:56:26,091 [Worker-78] WARN  o.e.m.c.i.embedder.EclipseLogger - Using platform encoding (Cp1252 actually) to copy filtered resources, i.e. build is platform dependent!
2016-01-01 20:56:26,092 [Worker-78] INFO  o.e.m.c.i.embedder.EclipseLogger - Copying 0 resource
2016-01-01 20:57:30,989 [Worker-61] INFO  o.e.m.i.launch.MavenLaunchDelegate - C:\Users\pkumarku\Downloads\eHotel\eHotel
2016-01-01 20:57:30,989 [Worker-61] INFO  o.e.m.i.launch.MavenLaunchDelegate -  mvn  -B clean
2016-01-01 20:57:32,990 [Worker-75] WARN  o.e.m.c.i.embedder.EclipseLogger - Using platform encoding (Cp1252 actually) to copy filtered resources, i.e. build is platform dependent!
2016-01-01 20:57:32,993 [Worker-75] INFO  o.e.m.c.i.embedder.EclipseLogger - Copying 6 resources
2016-01-01 20:57:33,005 [Worker-75] WARN  o.e.m.c.i.embedder.EclipseLogger - Using platform encoding (Cp1252 actually) to copy filtered resources, i.e. build is platform dependent!
2016-01-01 20:57:33,006 [Worker-75] INFO  o.e.m.c.i.embedder.EclipseLogger - Copying 0 resource
2016-01-01 20:57:33,006 [Worker-75] INFO  o.e.m.w.i.f.ResourceFilteringBuildParticipant - Changed resources require a complete clean of filtered resources of Company
2016-01-01 20:57:33,006 [Worker-75] INFO  o.e.m.w.i.f.ResourceFilteringBuildParticipant - Executing resource filtering for Company
2016-01-01 20:57:33,010 [Worker-75] WARN  o.e.m.c.i.embedder.EclipseLogger - Using platform encoding (Cp1252 actually) to copy filtered resources, i.e. build is platform dependent!
2016-01-01 20:57:48,138 [Worker-72] INFO  o.e.m.c.i.p.ProjectConfigurationManager - Update started
2016-01-01 20:57:48,519 [Worker-72] INFO  o.e.m.c.i.l.LifecycleMappingFactory - Using org.maven.ide.eclipse.wtp.WarLifecycleMapping lifecycle mapping for MavenProject: com.pro.company:Company:1.0.0 @ C:\Users\pkumarku\Downloads\eHotel\eHotel\pom.xml.
2016-01-01 20:57:49,890 [Worker-72] INFO  o.e.m.j.i.AbstractJavaProjectConfigurator - Adding source folder /Company/src/main/java
2016-01-01 20:57:49,891 [Worker-72] INFO  o.e.m.j.i.AbstractJavaProjectConfigurator - Adding resource folder /Company/src/main/resources
2016-01-01 20:57:49,892 [Worker-72] INFO  o.e.m.j.i.AbstractJavaProjectConfigurator - Adding source folder /Company/src/test/java
2016-01-01 20:57:49,892 [Worker-72] INFO  o.e.m.j.i.AbstractJavaProjectConfigurator - Adding resource folder /Company/src/test/resources
2016-01-01 20:57:50,703 [Worker-72] INFO  o.e.m.w.i.f.ResourceFilteringBuildParticipant - Cleaning filtered folder for Company
2016-01-01 20:57:50,708 [Worker-72] INFO  o.e.m.c.i.p.ProjectConfigurationManager - Update completed: 2 sec
2016-01-01 20:57:51,502 [Worker-61] WARN  o.e.m.c.i.embedder.EclipseLogger - Using platform encoding (Cp1252 actually) to copy filtered resources, i.e. build is platform dependent!
2016-01-01 20:57:51,504 [Worker-61] INFO  o.e.m.c.i.embedder.EclipseLogger - Copying 6 resources
2016-01-01 20:57:51,518 [Worker-61] WARN  o.e.m.c.i.embedder.EclipseLogger - Using platform encoding (Cp1252 actually) to copy filtered resources, i.e. build is platform dependent!
2016-01-01 20:57:51,519 [Worker-61] INFO  o.e.m.c.i.embedder.EclipseLogger - Copying 0 resource
2016-01-01 20:57:51,520 [Worker-61] INFO  o.e.m.w.i.f.ResourceFilteringBuildParticipant - Changed resources require a complete clean of filtered resources of Company
2016-01-01 20:57:51,520 [Worker-61] INFO  o.e.m.w.i.f.ResourceFilteringBuildParticipant - Executing resource filtering for Company
2016-01-01 20:57:51,524 [Worker-61] WARN  o.e.m.c.i.embedder.EclipseLogger - Using platform encoding (Cp1252 actually) to copy filtered resources, i.e. build is platform dependent!
2016-01-01 21:26:54,902 [Worker-61] INFO  o.e.m.i.launch.MavenLaunchDelegate - C:\Users\pkumarku\Downloads\eHotel\eHotel
2016-01-01 21:26:54,902 [Worker-61] INFO  o.e.m.i.launch.MavenLaunchDelegate -  mvn  -B clean install
2016-01-01 21:46:10,042 [Worker-74] WARN  o.e.m.c.i.embedder.EclipseLogger - Using platform encoding (Cp1252 actually) to copy filtered resources, i.e. build is platform dependent!
2016-01-01 21:46:10,045 [Worker-74] INFO  o.e.m.c.i.embedder.EclipseLogger - Copying 6 resources
2016-01-01 21:46:10,048 [Worker-74] WARN  o.e.m.c.i.embedder.EclipseLogger - Using platform encoding (Cp1252 actually) to copy filtered resources, i.e. build is platform dependent!
2016-01-01 21:46:10,049 [Worker-74] INFO  o.e.m.c.i.embedder.EclipseLogger - Copying 0 resource
2016-01-01 21:46:11,113 [Worker-82] WARN  o.e.m.c.i.embedder.EclipseLogger - Using platform encoding (Cp1252 actually) to copy filtered resources, i.e. build is platform dependent!
2016-01-01 21:46:11,115 [Worker-82] INFO  o.e.m.c.i.embedder.EclipseLogger - Copying 6 resources
2016-01-01 21:46:11,116 [Worker-82] WARN  o.e.m.c.i.embedder.EclipseLogger - Using platform encoding (Cp1252 actually) to copy filtered resources, i.e. build is platform dependent!
2016-01-01 21:46:11,117 [Worker-82] INFO  o.e.m.c.i.embedder.EclipseLogger - Copying 0 resource
